2020-04-12 19:34:11,878 INFO [main] c.f.b.FmsBatchApplication [StartupInfoLogger.java:55] Starting FmsBatchApplication on DESKTOP-1QKKEMV with PID 8892 (D:\CapstoneWorkSpace\fms-batch\target\classes started by ADMIN in D:\CapstoneWorkSpace\fms-batch)
2020-04-12 19:34:11,880 INFO [main] c.f.b.FmsBatchApplication [SpringApplication.java:651] No active profile set, falling back to default profiles: default
2020-04-12 19:34:12,861 INFO [main] o.s.d.r.c.RepositoryConfigurationDelegate [RepositoryConfigurationDelegate.java:127] Bootstrapping Spring Data MongoDB repositories in DEFAULT mode.
2020-04-12 19:34:12,906 INFO [main] o.s.d.r.c.RepositoryConfigurationDelegate [RepositoryConfigurationDelegate.java:187] Finished Spring Data repository scanning in 39ms. Found 3 MongoDB repository interfaces.
2020-04-12 19:34:13,655 INFO [main] o.m.d.cluster [SLF4JLogger.java:71] Cluster created with settings {hosts=[localhost:27017], mode=SINGLE, requiredClusterType=UNKNOWN, serverSelectionTimeout='30000 ms', maxWaitQueueSize=500}
2020-04-12 19:34:13,720 INFO [cluster-ClusterId{value='5e931fdd61003b2f6def16ff', description='null'}-localhost:27017] o.m.d.connection [SLF4JLogger.java:71] Opened connection [connectionId{localValue:1, serverValue:5}] to localhost:27017
2020-04-12 19:34:13,723 INFO [cluster-ClusterId{value='5e931fdd61003b2f6def16ff', description='null'}-localhost:27017] o.m.d.cluster [SLF4JLogger.java:71] Monitor thread successfully connected to server with description ServerDescription{address=localhost:27017, type=STANDALONE, state=CONNECTED, ok=true, version=ServerVersion{versionList=[4, 2, 5]}, minWireVersion=0, maxWireVersion=8, maxDocumentSize=16777216, logicalSessionTimeoutMinutes=30, roundTripTimeNanos=2070800}
2020-04-12 19:34:14,461 WARN [main] o.s.d.m.c.m.BasicMongoPersistentProperty [BasicMongoPersistentProperty.java:86] Customizing field name for id property 'com.fms.batch.model.Events.eventId' is not allowed! Custom name ('eventId') will not be considered!
2020-04-12 19:34:14,466 WARN [main] o.s.d.m.c.m.BasicMongoPersistentProperty [BasicMongoPersistentProperty.java:86] Customizing field name for id property 'com.fms.batch.model.pocDetails.pocId' is not allowed! Custom name ('pocId') will not be considered!
2020-04-12 19:34:14,552 WARN [main] o.s.d.m.c.m.BasicMongoPersistentProperty [BasicMongoPersistentProperty.java:86] Customizing field name for id property 'com.fms.batch.model.Events.eventId' is not allowed! Custom name ('eventId') will not be considered!
2020-04-12 19:34:14,554 WARN [main] o.s.d.m.c.m.BasicMongoPersistentProperty [BasicMongoPersistentProperty.java:86] Customizing field name for id property 'com.fms.batch.model.pocDetails.pocId' is not allowed! Custom name ('pocId') will not be considered!
2020-04-12 19:34:14,632 INFO [main] c.f.b.FmsBatchApplication [StartupInfoLogger.java:61] Started FmsBatchApplication in 3.104 seconds (JVM running for 4.243)
2020-04-12 19:34:14,632 INFO [main] o.s.b.a.b.JobLauncherCommandLineRunner [JobLauncherCommandLineRunner.java:147] Running default command line with: [--spring.output.ansi.enabled=always]
2020-04-12 19:34:14,633 WARN [main] o.s.b.c.c.a.DefaultBatchConfigurer [DefaultBatchConfigurer.java:98] No datasource was provided...using a Map based JobRepository
2020-04-12 19:34:14,633 WARN [main] o.s.b.c.c.a.DefaultBatchConfigurer [DefaultBatchConfigurer.java:101] No transaction manager was provided, using a ResourcelessTransactionManager
2020-04-12 19:34:14,652 INFO [main] o.s.b.c.l.s.SimpleJobLauncher [SimpleJobLauncher.java:209] No TaskExecutor has been set, defaulting to synchronous executor.
2020-04-12 19:34:14,670 INFO [main] o.s.b.c.l.s.SimpleJobLauncher [SimpleJobLauncher.java:145] Job: [FlowJob: [name=fmsDataJob]] launched with the following parameters: [{run.id=1, -spring.output.ansi.enabled=always}]
2020-04-12 19:34:14,731 INFO [main] c.f.b.j.JobListner [JobListner.java:16] <====== JOB STARTED =======>
2020-04-12 19:34:14,738 INFO [main] o.s.b.c.j.SimpleStepHandler [SimpleStepHandler.java:146] Executing step: [firstStep]
2020-04-12 19:34:14,741 WARN [main] c.f.b.e.EventDetailReader [EventDetailReader.java:80] File does not exists at path:: D:\Capstone\Inputs\OutReachEventInfo.xlsx
2020-04-12 19:34:14,749 INFO [main] c.f.b.e.EventDetailReader [EventDetailReader.java:87] Step Status::firstStep , Step Name:: exitCode=COMPLETED;exitDescription= 
2020-04-12 19:34:14,750 INFO [main] o.s.b.c.s.AbstractStep [AbstractStep.java:272] Step: [firstStep] executed in 12ms
2020-04-12 19:34:14,757 INFO [main] o.s.b.c.j.SimpleStepHandler [SimpleStepHandler.java:146] Executing step: [secondStep]
2020-04-12 19:34:15,667 INFO [main] c.f.b.e.EventWriter [EventWriter.java:22] Total records to save 8
2020-04-12 19:34:16,280 INFO [main] o.m.d.connection [SLF4JLogger.java:71] Opened connection [connectionId{localValue:2, serverValue:6}] to localhost:27017
2020-04-12 19:34:16,338 INFO [main] c.f.b.e.EventReader [EventReader.java:74] Step Status::secondStep , Step Name:: exitCode=COMPLETED;exitDescription= 
2020-04-12 19:34:16,339 INFO [main] o.s.b.c.s.AbstractStep [AbstractStep.java:272] Step: [secondStep] executed in 1s582ms
2020-04-12 19:34:16,340 INFO [main] c.f.b.j.JobListner [JobListner.java:23] <====== JOB COMPLETED =======>
2020-04-12 19:34:16,342 INFO [main] o.s.b.c.l.s.SimpleJobLauncher [SimpleJobLauncher.java:149] Job: [FlowJob: [name=fmsDataJob]] completed with the following parameters: [{run.id=1, -spring.output.ansi.enabled=always}] and the following status: [COMPLETED] in 1s612ms
2020-04-12 19:34:16,345 INFO [SpringContextShutdownHook] o.m.d.connection [SLF4JLogger.java:71] Closed connection [connectionId{localValue:2, serverValue:6}] to localhost:27017 because the pool has been closed.
2020-04-12 19:35:19,858 INFO [main] c.f.b.FmsBatchApplication [StartupInfoLogger.java:55] Starting FmsBatchApplication on DESKTOP-1QKKEMV with PID 6220 (D:\CapstoneWorkSpace\fms-batch\target\classes started by ADMIN in D:\CapstoneWorkSpace\fms-batch)
2020-04-12 19:35:19,860 INFO [main] c.f.b.FmsBatchApplication [SpringApplication.java:651] No active profile set, falling back to default profiles: default
2020-04-12 19:35:20,102 INFO [main] o.s.d.r.c.RepositoryConfigurationDelegate [RepositoryConfigurationDelegate.java:127] Bootstrapping Spring Data MongoDB repositories in DEFAULT mode.
2020-04-12 19:35:20,139 INFO [main] o.s.d.r.c.RepositoryConfigurationDelegate [RepositoryConfigurationDelegate.java:187] Finished Spring Data repository scanning in 34ms. Found 3 MongoDB repository interfaces.
2020-04-12 19:35:20,339 INFO [main] o.m.d.cluster [SLF4JLogger.java:71] Cluster created with settings {hosts=[localhost:27017], mode=SINGLE, requiredClusterType=UNKNOWN, serverSelectionTimeout='30000 ms', maxWaitQueueSize=500}
2020-04-12 19:35:20,368 INFO [cluster-ClusterId{value='5e93202089ce450f46ffdab3', description='null'}-localhost:27017] o.m.d.connection [SLF4JLogger.java:71] Opened connection [connectionId{localValue:1, serverValue:13}] to localhost:27017
2020-04-12 19:35:20,371 INFO [cluster-ClusterId{value='5e93202089ce450f46ffdab3', description='null'}-localhost:27017] o.m.d.cluster [SLF4JLogger.java:71] Monitor thread successfully connected to server with description ServerDescription{address=localhost:27017, type=STANDALONE, state=CONNECTED, ok=true, version=ServerVersion{versionList=[4, 2, 5]}, minWireVersion=0, maxWireVersion=8, maxDocumentSize=16777216, logicalSessionTimeoutMinutes=30, roundTripTimeNanos=1923600}
2020-04-12 19:35:20,549 WARN [main] o.s.d.m.c.m.BasicMongoPersistentProperty [BasicMongoPersistentProperty.java:86] Customizing field name for id property 'com.fms.batch.model.Events.eventId' is not allowed! Custom name ('eventId') will not be considered!
2020-04-12 19:35:20,553 WARN [main] o.s.d.m.c.m.BasicMongoPersistentProperty [BasicMongoPersistentProperty.java:86] Customizing field name for id property 'com.fms.batch.model.pocDetails.pocId' is not allowed! Custom name ('pocId') will not be considered!
2020-04-12 19:35:20,610 WARN [main] o.s.d.m.c.m.BasicMongoPersistentProperty [BasicMongoPersistentProperty.java:86] Customizing field name for id property 'com.fms.batch.model.pocDetails.pocId' is not allowed! Custom name ('pocId') will not be considered!
2020-04-12 19:35:20,615 WARN [main] o.s.d.m.c.m.BasicMongoPersistentProperty [BasicMongoPersistentProperty.java:86] Customizing field name for id property 'com.fms.batch.model.Events.eventId' is not allowed! Custom name ('eventId') will not be considered!
2020-04-12 19:35:20,663 INFO [main] c.f.b.FmsBatchApplication [StartupInfoLogger.java:61] Started FmsBatchApplication in 0.967 seconds (JVM running for 1.519)
2020-04-12 19:35:20,664 INFO [main] o.s.b.a.b.JobLauncherCommandLineRunner [JobLauncherCommandLineRunner.java:147] Running default command line with: [--spring.output.ansi.enabled=always]
2020-04-12 19:35:20,665 WARN [main] o.s.b.c.c.a.DefaultBatchConfigurer [DefaultBatchConfigurer.java:98] No datasource was provided...using a Map based JobRepository
2020-04-12 19:35:20,666 WARN [main] o.s.b.c.c.a.DefaultBatchConfigurer [DefaultBatchConfigurer.java:101] No transaction manager was provided, using a ResourcelessTransactionManager
2020-04-12 19:35:20,672 INFO [main] o.s.b.c.l.s.SimpleJobLauncher [SimpleJobLauncher.java:209] No TaskExecutor has been set, defaulting to synchronous executor.
2020-04-12 19:35:20,694 INFO [main] o.s.b.c.l.s.SimpleJobLauncher [SimpleJobLauncher.java:145] Job: [FlowJob: [name=fmsDataJob]] launched with the following parameters: [{run.id=1, -spring.output.ansi.enabled=always}]
2020-04-12 19:35:20,712 INFO [main] c.f.b.j.JobListner [JobListner.java:16] <====== JOB STARTED =======>
2020-04-12 19:35:20,721 INFO [main] o.s.b.c.j.SimpleStepHandler [SimpleStepHandler.java:146] Executing step: [firstStep]
2020-04-12 19:35:20,724 WARN [main] c.f.b.e.EventDetailReader [EventDetailReader.java:80] File does not exists at path:: D:\Capstone\Inputs\OutReachEventInfo.xlsx
2020-04-12 19:35:20,733 INFO [main] c.f.b.e.EventDetailReader [EventDetailReader.java:87] Step Status::firstStep , Step Name:: exitCode=COMPLETED;exitDescription= 
2020-04-12 19:35:20,735 INFO [main] o.s.b.c.s.AbstractStep [AbstractStep.java:272] Step: [firstStep] executed in 13ms
2020-04-12 19:35:20,743 INFO [main] o.s.b.c.j.SimpleStepHandler [SimpleStepHandler.java:146] Executing step: [secondStep]
2020-04-12 19:35:20,973 INFO [main] c.f.b.e.EventWriter [EventWriter.java:22] Total records to save 8
2020-04-12 19:35:21,301 INFO [main] o.m.d.connection [SLF4JLogger.java:71] Opened connection [connectionId{localValue:2, serverValue:14}] to localhost:27017
2020-04-12 19:35:21,394 INFO [main] c.f.b.e.EventReader [EventReader.java:74] Step Status::secondStep , Step Name:: exitCode=COMPLETED;exitDescription= 
2020-04-12 19:35:21,395 INFO [main] o.s.b.c.s.AbstractStep [AbstractStep.java:272] Step: [secondStep] executed in 652ms
2020-04-12 19:35:21,399 INFO [main] o.s.b.c.j.SimpleStepHandler [SimpleStepHandler.java:146] Executing step: [thirdStep]
2020-04-12 19:35:21,451 ERROR [main] o.s.b.c.s.AbstractStep [AbstractStep.java:237] Encountered an error executing step thirdStep in job fmsDataJob
java.time.format.DateTimeParseException: Text '100002.0' could not be parsed at index 2
	at java.time.format.DateTimeFormatter.parseResolved0(Unknown Source)
	at java.time.format.DateTimeFormatter.parse(Unknown Source)
	at java.time.LocalDate.parse(Unknown Source)
	at com.fms.batch.volunteer.VolunteeReader.assignValue(VolunteeReader.java:107)
	at com.fms.batch.volunteer.VolunteeReader.beforeStep(VolunteeReader.java:63)
	at org.springframework.batch.core.listener.CompositeStepExecutionListener.beforeStep(CompositeStepExecutionListener.java:79)
	at org.springframework.batch.core.step.AbstractStep.execute(AbstractStep.java:204)
	at org.springframework.batch.core.job.SimpleStepHandler.handleStep(SimpleStepHandler.java:148)
	at org.springframework.batch.core.job.flow.JobFlowExecutor.executeStep(JobFlowExecutor.java:68)
	at org.springframework.batch.core.job.flow.support.state.StepState.handle(StepState.java:68)
	at org.springframework.batch.core.job.flow.support.SimpleFlow.resume(SimpleFlow.java:169)
	at org.springframework.batch.core.job.flow.support.SimpleFlow.start(SimpleFlow.java:144)
	at org.springframework.batch.core.job.flow.FlowJob.doExecute(FlowJob.java:137)
	at org.springframework.batch.core.job.AbstractJob.execute(AbstractJob.java:319)
	at org.springframework.batch.core.launch.support.SimpleJobLauncher$1.run(SimpleJobLauncher.java:147)
	at org.springframework.core.task.SyncTaskExecutor.execute(SyncTaskExecutor.java:50)
	at org.springframework.batch.core.launch.support.SimpleJobLauncher.run(SimpleJobLauncher.java:140)
	at sun.reflect.NativeMethodAccessorImpl.invoke0(Native Method)
	at sun.reflect.NativeMethodAccessorImpl.invoke(Unknown Source)
	at sun.reflect.DelegatingMethodAccessorImpl.invoke(Unknown Source)
	at java.lang.reflect.Method.invoke(Unknown Source)
	at org.springframework.aop.support.AopUtils.invokeJoinpointUsingReflection(AopUtils.java:344)
	at org.springframework.aop.framework.ReflectiveMethodInvocation.invokeJoinpoint(ReflectiveMethodInvocation.java:198)
	at org.springframework.aop.framework.ReflectiveMethodInvocation.proceed(ReflectiveMethodInvocation.java:163)
	at org.springframework.batch.core.configuration.annotation.SimpleBatchConfiguration$PassthruAdvice.invoke(SimpleBatchConfiguration.java:127)
	at org.springframework.aop.framework.ReflectiveMethodInvocation.proceed(ReflectiveMethodInvocation.java:186)
	at org.springframework.aop.framework.JdkDynamicAopProxy.invoke(JdkDynamicAopProxy.java:212)
	at com.sun.proxy.$Proxy50.run(Unknown Source)
	at org.springframework.boot.autoconfigure.batch.JobLauncherCommandLineRunner.execute(JobLauncherCommandLineRunner.java:192)
	at org.springframework.boot.autoconfigure.batch.JobLauncherCommandLineRunner.executeLocalJobs(JobLauncherCommandLineRunner.java:166)
	at org.springframework.boot.autoconfigure.batch.JobLauncherCommandLineRunner.launchJobFromProperties(JobLauncherCommandLineRunner.java:153)
	at org.springframework.boot.autoconfigure.batch.JobLauncherCommandLineRunner.run(JobLauncherCommandLineRunner.java:148)
	at org.springframework.boot.SpringApplication.callRunner(SpringApplication.java:784)
	at org.springframework.boot.SpringApplication.callRunners(SpringApplication.java:768)
	at org.springframework.boot.SpringApplication.run(SpringApplication.java:322)
	at org.springframework.boot.SpringApplication.run(SpringApplication.java:1226)
	at org.springframework.boot.SpringApplication.run(SpringApplication.java:1215)
	at com.fms.batch.FmsBatchApplication.main(FmsBatchApplication.java:13)
2020-04-12 19:35:21,452 INFO [main] c.f.b.v.VolunteeReader [VolunteeReader.java:97] Step Status::thirdStep , Step Name:: exitCode=FAILED;exitDescription=java.time.format.DateTimeParseException: Text '100002.0' could not be parsed at index 2
	at java.time.format.DateTimeFormatter.parseResolved0(Unknown Source)
	at java.time.format.DateTimeFormatter.parse(Unknown Source)
	at java.time.LocalDate.parse(Unknown Source)
	at com.fms.batch.volunteer.VolunteeReader.assignValue(VolunteeReader.java:107)
	at com.fms.batch.volunteer.VolunteeReader.beforeStep(VolunteeReader.java:63)
	at org.springframework.batch.core.listener.CompositeStepExecutionListener.beforeStep(CompositeStepExecutionListener.java:79)
	at org.springframework.batch.core.step.AbstractStep.execute(AbstractStep.java:204)
	at org.springframework.batch.core.job.SimpleStepHandler.handleStep(SimpleStepHandler.java:148)
	at org.springframework.batch.core.job.flow.JobFlowExecutor.executeStep(JobFlowExecutor.java:68)
	at org.springframework.batch.core.job.flow.support.state.StepState.handle(StepState.java:68)
	at org.springframework.batch.core.job.flow.support.SimpleFlow.resume(SimpleFlow.java:169)
	at org.springframework.batch.core.job.flow.support.SimpleFlow.start(SimpleFlow.java:144)
	at org.springframework.batch.core.job.flow.FlowJob.doExecute(FlowJob.java:137)
	at org.springframework.batch.core.job.AbstractJob.execute(AbstractJob.java:319)
	at org.springframework.batch.core.launch.support.SimpleJobLauncher$1.run(SimpleJobLauncher.java:147)
	at org.springframework.core.task.SyncTaskExecutor.execute(SyncTaskExecutor.java:50)
	at org.springframework.batch.core.launch.support.SimpleJobLauncher.run(SimpleJobLauncher.java:140)
	at sun.reflect.NativeMethodAccessorImpl.invoke0(Native Method)
	at sun.reflect.NativeMethodAccessorImpl.invoke(Unknown Source)
	at sun.reflect.DelegatingMethodAccessorImpl.invoke(Unknown Source)
	at java.lang.reflect.Method.invoke(Unknown Source)
	at org.springframework.aop.support.AopUtils.invokeJoinpointUsingReflection(AopUtils.java:344)
	at org.springframework.aop.framework.ReflectiveMethodInvocation.invokeJoinpoint(ReflectiveMethodInvocation.java:198)
	at org.springframework.aop.framework.ReflectiveMethodInvocation.proceed(ReflectiveMethodInvocation.java:163)
	at org.springframework.batch.core.configuration.annotation.SimpleBatchConfiguration$PassthruAdvice.invoke(SimpleBatchConfiguration.java:127)
	at org.springframework.aop.framework.ReflectiveMethodInvocation.proceed(ReflectiveMethodInvocation.java:186)
	at org.springframework.aop.framework.JdkDynamicAopProxy.invoke(JdkDynamicAopProxy.java:212)
	at com.sun.proxy.$Proxy50.run(Unknown Source)
	at org.springframework.boot.autoconfigure.batch.JobLauncherCommandLineRunner.execute(JobLauncherCommandLineRunner.java:192)
	at org.springframework.boot.autoconfigure.batch.JobLauncherCommandLineRunner.executeLocalJobs(JobLauncherCommandLineRunner.java:166)
	at org.springframework.boot.autoconfigure.batch.JobLauncherCommandLineRunner.launchJobFromProperties(JobLauncherCommandLineRunner.java:153)
	at org.springframework.boot.autoconfigure.batch.JobLauncherCommandLineRunner.run(JobLauncherCommandLineRunner.java:148)
	at org.springframework.boot.SpringApplication.callRunner(SpringApplication.java:784)
	at org.springframework.boot.SpringApplication.callRunners(SpringApplication.java:768)
	at org.springframework.boot.SpringApplication.run(SpringApplication.java:322)
	at org.springframework.boot.SpringApplication.run(SpringApplication.java:1226)
	at org.springframework.boot.SpringApplication.run(SpringApplication.java:1215)
	at com.fms.batch.FmsBatchApplication.main(FmsBatchApplication.java:13)
 
2020-04-12 19:35:21,452 INFO [main] o.s.b.c.s.AbstractStep [AbstractStep.java:272] Step: [thirdStep] executed in 52ms
2020-04-12 19:35:21,454 ERROR [main] c.f.b.j.JobListner [JobListner.java:26] <====== JOB FAILED =======>
2020-04-12 19:35:21,455 INFO [main] o.s.b.c.l.s.SimpleJobLauncher [SimpleJobLauncher.java:149] Job: [FlowJob: [name=fmsDataJob]] completed with the following parameters: [{run.id=1, -spring.output.ansi.enabled=always}] and the following status: [FAILED] in 746ms
2020-04-12 19:35:21,459 INFO [SpringContextShutdownHook] o.m.d.connection [SLF4JLogger.java:71] Closed connection [connectionId{localValue:2, serverValue:14}] to localhost:27017 because the pool has been closed.
2020-04-12 19:38:15,805 INFO [main] c.f.b.FmsBatchApplication [StartupInfoLogger.java:55] Starting FmsBatchApplication on DESKTOP-1QKKEMV with PID 964 (D:\CapstoneWorkSpace\fms-batch\target\classes started by ADMIN in D:\CapstoneWorkSpace\fms-batch)
2020-04-12 19:38:15,807 INFO [main] c.f.b.FmsBatchApplication [SpringApplication.java:651] No active profile set, falling back to default profiles: default
2020-04-12 19:38:16,052 INFO [main] o.s.d.r.c.RepositoryConfigurationDelegate [RepositoryConfigurationDelegate.java:127] Bootstrapping Spring Data MongoDB repositories in DEFAULT mode.
2020-04-12 19:38:16,088 INFO [main] o.s.d.r.c.RepositoryConfigurationDelegate [RepositoryConfigurationDelegate.java:187] Finished Spring Data repository scanning in 34ms. Found 3 MongoDB repository interfaces.
2020-04-12 19:38:16,289 INFO [main] o.m.d.cluster [SLF4JLogger.java:71] Cluster created with settings {hosts=[localhost:27017], mode=SINGLE, requiredClusterType=UNKNOWN, serverSelectionTimeout='30000 ms', maxWaitQueueSize=500}
2020-04-12 19:38:16,318 INFO [cluster-ClusterId{value='5e9320d07c5fda24608e79e8', description='null'}-localhost:27017] o.m.d.connection [SLF4JLogger.java:71] Opened connection [connectionId{localValue:1, serverValue:25}] to localhost:27017
2020-04-12 19:38:16,321 INFO [cluster-ClusterId{value='5e9320d07c5fda24608e79e8', description='null'}-localhost:27017] o.m.d.cluster [SLF4JLogger.java:71] Monitor thread successfully connected to server with description ServerDescription{address=localhost:27017, type=STANDALONE, state=CONNECTED, ok=true, version=ServerVersion{versionList=[4, 2, 5]}, minWireVersion=0, maxWireVersion=8, maxDocumentSize=16777216, logicalSessionTimeoutMinutes=30, roundTripTimeNanos=1758000}
2020-04-12 19:38:16,501 WARN [main] o.s.d.m.c.m.BasicMongoPersistentProperty [BasicMongoPersistentProperty.java:86] Customizing field name for id property 'com.fms.batch.model.Events.eventId' is not allowed! Custom name ('eventId') will not be considered!
2020-04-12 19:38:16,505 WARN [main] o.s.d.m.c.m.BasicMongoPersistentProperty [BasicMongoPersistentProperty.java:86] Customizing field name for id property 'com.fms.batch.model.pocDetails.pocId' is not allowed! Custom name ('pocId') will not be considered!
2020-04-12 19:38:16,565 WARN [main] o.s.d.m.c.m.BasicMongoPersistentProperty [BasicMongoPersistentProperty.java:86] Customizing field name for id property 'com.fms.batch.model.pocDetails.pocId' is not allowed! Custom name ('pocId') will not be considered!
2020-04-12 19:38:16,566 WARN [main] o.s.d.m.c.m.BasicMongoPersistentProperty [BasicMongoPersistentProperty.java:86] Customizing field name for id property 'com.fms.batch.model.Events.eventId' is not allowed! Custom name ('eventId') will not be considered!
2020-04-12 19:38:16,615 INFO [main] c.f.b.FmsBatchApplication [StartupInfoLogger.java:61] Started FmsBatchApplication in 0.977 seconds (JVM running for 1.53)
2020-04-12 19:38:16,615 INFO [main] o.s.b.a.b.JobLauncherCommandLineRunner [JobLauncherCommandLineRunner.java:147] Running default command line with: [--spring.output.ansi.enabled=always]
2020-04-12 19:38:16,616 WARN [main] o.s.b.c.c.a.DefaultBatchConfigurer [DefaultBatchConfigurer.java:98] No datasource was provided...using a Map based JobRepository
2020-04-12 19:38:16,617 WARN [main] o.s.b.c.c.a.DefaultBatchConfigurer [DefaultBatchConfigurer.java:101] No transaction manager was provided, using a ResourcelessTransactionManager
2020-04-12 19:38:16,623 INFO [main] o.s.b.c.l.s.SimpleJobLauncher [SimpleJobLauncher.java:209] No TaskExecutor has been set, defaulting to synchronous executor.
2020-04-12 19:38:16,644 INFO [main] o.s.b.c.l.s.SimpleJobLauncher [SimpleJobLauncher.java:145] Job: [FlowJob: [name=fmsDataJob]] launched with the following parameters: [{run.id=1, -spring.output.ansi.enabled=always}]
2020-04-12 19:38:16,662 INFO [main] c.f.b.j.JobListner [JobListner.java:16] <====== JOB STARTED =======>
2020-04-12 19:38:16,670 INFO [main] o.s.b.c.j.SimpleStepHandler [SimpleStepHandler.java:146] Executing step: [firstStep]
2020-04-12 19:38:16,672 WARN [main] c.f.b.e.EventDetailReader [EventDetailReader.java:80] File does not exists at path:: D:\Capstone\Inputs\OutReachEventInfo.xlsx
2020-04-12 19:38:16,680 INFO [main] c.f.b.e.EventDetailReader [EventDetailReader.java:87] Step Status::firstStep , Step Name:: exitCode=COMPLETED;exitDescription= 
2020-04-12 19:38:16,681 INFO [main] o.s.b.c.s.AbstractStep [AbstractStep.java:272] Step: [firstStep] executed in 11ms
2020-04-12 19:38:16,688 INFO [main] o.s.b.c.j.SimpleStepHandler [SimpleStepHandler.java:146] Executing step: [secondStep]
2020-04-12 19:38:16,914 INFO [main] c.f.b.e.EventWriter [EventWriter.java:22] Total records to save 8
2020-04-12 19:38:17,238 INFO [main] o.m.d.connection [SLF4JLogger.java:71] Opened connection [connectionId{localValue:2, serverValue:26}] to localhost:27017
2020-04-12 19:38:17,334 INFO [main] c.f.b.e.EventReader [EventReader.java:74] Step Status::secondStep , Step Name:: exitCode=COMPLETED;exitDescription= 
2020-04-12 19:38:17,335 INFO [main] o.s.b.c.s.AbstractStep [AbstractStep.java:272] Step: [secondStep] executed in 647ms
2020-04-12 19:38:17,340 INFO [main] o.s.b.c.j.SimpleStepHandler [SimpleStepHandler.java:146] Executing step: [thirdStep]
2020-04-12 19:38:17,363 INFO [main] c.f.b.v.VolunteeWriter [VolunteeWriter.java:25] Inside Item Writer. Total Size is 2
2020-04-12 19:38:17,701 ERROR [main] c.f.b.v.VolunteeWriter [VolunteeWriter.java:37] Exception Occuredin writer -  {}
org.springframework.dao.DuplicateKeyException: Bulk write operation error on server localhost:27017. Write errors: [BulkWriteError{index=1, code=11000, message='E11000 duplicate key error collection: fms_event.volunteerDetails index: _id_ dup key: { _id: 0 }', details={}}]. ; nested exception is com.mongodb.MongoBulkWriteException: Bulk write operation error on server localhost:27017. Write errors: [BulkWriteError{index=1, code=11000, message='E11000 duplicate key error collection: fms_event.volunteerDetails index: _id_ dup key: { _id: 0 }', details={}}]. 
	at org.springframework.data.mongodb.core.MongoExceptionTranslator.translateExceptionIfPossible(MongoExceptionTranslator.java:106)
	at org.springframework.data.mongodb.core.MongoTemplate.potentiallyConvertRuntimeException(MongoTemplate.java:2902)
	at org.springframework.data.mongodb.core.MongoTemplate.execute(MongoTemplate.java:587)
	at org.springframework.data.mongodb.core.MongoTemplate.insertDocumentList(MongoTemplate.java:1519)
	at org.springframework.data.mongodb.core.MongoTemplate.doInsertBatch(MongoTemplate.java:1384)
	at org.springframework.data.mongodb.core.MongoTemplate.insert(MongoTemplate.java:1318)
	at org.springframework.data.mongodb.repository.support.SimpleMongoRepository.saveAll(SimpleMongoRepository.java:105)
	at org.springframework.data.mongodb.repository.support.SimpleMongoRepository.saveAll(SimpleMongoRepository.java:54)
	at sun.reflect.NativeMethodAccessorImpl.invoke0(Native Method)
	at sun.reflect.NativeMethodAccessorImpl.invoke(Unknown Source)
	at sun.reflect.DelegatingMethodAccessorImpl.invoke(Unknown Source)
	at java.lang.reflect.Method.invoke(Unknown Source)
	at org.springframework.data.repository.core.support.RepositoryComposition$RepositoryFragments.invoke(RepositoryComposition.java:371)
	at org.springframework.data.repository.core.support.RepositoryComposition.invoke(RepositoryComposition.java:204)
	at org.springframework.data.repository.core.support.RepositoryFactorySupport$ImplementationMethodExecutionInterceptor.invoke(RepositoryFactorySupport.java:657)
	at org.springframework.aop.framework.ReflectiveMethodInvocation.proceed(ReflectiveMethodInvocation.java:186)
	at org.springframework.data.repository.core.support.RepositoryFactorySupport$QueryExecutorMethodInterceptor.doInvoke(RepositoryFactorySupport.java:621)
	at org.springframework.data.repository.core.support.RepositoryFactorySupport$QueryExecutorMethodInterceptor.invoke(RepositoryFactorySupport.java:605)
	at org.springframework.aop.framework.ReflectiveMethodInvocation.proceed(ReflectiveMethodInvocation.java:186)
	at org.springframework.data.projection.DefaultMethodInvokingMethodInterceptor.invoke(DefaultMethodInvokingMethodInterceptor.java:80)
	at org.springframework.aop.framework.ReflectiveMethodInvocation.proceed(ReflectiveMethodInvocation.java:186)
	at org.springframework.aop.interceptor.ExposeInvocationInterceptor.invoke(ExposeInvocationInterceptor.java:95)
	at org.springframework.aop.framework.ReflectiveMethodInvocation.proceed(ReflectiveMethodInvocation.java:186)
	at org.springframework.aop.framework.JdkDynamicAopProxy.invoke(JdkDynamicAopProxy.java:212)
	at com.sun.proxy.$Proxy65.saveAll(Unknown Source)
	at com.fms.batch.volunteer.VolunteeWriter.write(VolunteeWriter.java:27)
	at org.springframework.batch.core.step.item.SimpleChunkProcessor.writeItems(SimpleChunkProcessor.java:193)
	at org.springframework.batch.core.step.item.SimpleChunkProcessor.doWrite(SimpleChunkProcessor.java:159)
	at org.springframework.batch.core.step.item.SimpleChunkProcessor.write(SimpleChunkProcessor.java:294)
	at org.springframework.batch.core.step.item.SimpleChunkProcessor.process(SimpleChunkProcessor.java:217)
	at org.springframework.batch.core.step.item.ChunkOrientedTasklet.execute(ChunkOrientedTasklet.java:77)
	at org.springframework.batch.core.step.tasklet.TaskletStep$ChunkTransactionCallback.doInTransaction(TaskletStep.java:407)
	at org.springframework.batch.core.step.tasklet.TaskletStep$ChunkTransactionCallback.doInTransaction(TaskletStep.java:331)
	at org.springframework.transaction.support.TransactionTemplate.execute(TransactionTemplate.java:140)
	at org.springframework.batch.core.step.tasklet.TaskletStep$2.doInChunkContext(TaskletStep.java:273)
	at org.springframework.batch.core.scope.context.StepContextRepeatCallback.doInIteration(StepContextRepeatCallback.java:82)
	at org.springframework.batch.repeat.support.RepeatTemplate.getNextResult(RepeatTemplate.java:375)
	at org.springframework.batch.repeat.support.RepeatTemplate.executeInternal(RepeatTemplate.java:215)
	at org.springframework.batch.repeat.support.RepeatTemplate.iterate(RepeatTemplate.java:145)
	at org.springframework.batch.core.step.tasklet.TaskletStep.doExecute(TaskletStep.java:258)
	at org.springframework.batch.core.step.AbstractStep.execute(AbstractStep.java:208)
	at org.springframework.batch.core.job.SimpleStepHandler.handleStep(SimpleStepHandler.java:148)
	at org.springframework.batch.core.job.flow.JobFlowExecutor.executeStep(JobFlowExecutor.java:68)
	at org.springframework.batch.core.job.flow.support.state.StepState.handle(StepState.java:68)
	at org.springframework.batch.core.job.flow.support.SimpleFlow.resume(SimpleFlow.java:169)
	at org.springframework.batch.core.job.flow.support.SimpleFlow.start(SimpleFlow.java:144)
	at org.springframework.batch.core.job.flow.FlowJob.doExecute(FlowJob.java:137)
	at org.springframework.batch.core.job.AbstractJob.execute(AbstractJob.java:319)
	at org.springframework.batch.core.launch.support.SimpleJobLauncher$1.run(SimpleJobLauncher.java:147)
	at org.springframework.core.task.SyncTaskExecutor.execute(SyncTaskExecutor.java:50)
	at org.springframework.batch.core.launch.support.SimpleJobLauncher.run(SimpleJobLauncher.java:140)
	at sun.reflect.NativeMethodAccessorImpl.invoke0(Native Method)
	at sun.reflect.NativeMethodAccessorImpl.invoke(Unknown Source)
	at sun.reflect.DelegatingMethodAccessorImpl.invoke(Unknown Source)
	at java.lang.reflect.Method.invoke(Unknown Source)
	at org.springframework.aop.support.AopUtils.invokeJoinpointUsingReflection(AopUtils.java:344)
	at org.springframework.aop.framework.ReflectiveMethodInvocation.invokeJoinpoint(ReflectiveMethodInvocation.java:198)
	at org.springframework.aop.framework.ReflectiveMethodInvocation.proceed(ReflectiveMethodInvocation.java:163)
	at org.springframework.batch.core.configuration.annotation.SimpleBatchConfiguration$PassthruAdvice.invoke(SimpleBatchConfiguration.java:127)
	at org.springframework.aop.framework.ReflectiveMethodInvocation.proceed(ReflectiveMethodInvocation.java:186)
	at org.springframework.aop.framework.JdkDynamicAopProxy.invoke(JdkDynamicAopProxy.java:212)
	at com.sun.proxy.$Proxy50.run(Unknown Source)
	at org.springframework.boot.autoconfigure.batch.JobLauncherCommandLineRunner.execute(JobLauncherCommandLineRunner.java:192)
	at org.springframework.boot.autoconfigure.batch.JobLauncherCommandLineRunner.executeLocalJobs(JobLauncherCommandLineRunner.java:166)
	at org.springframework.boot.autoconfigure.batch.JobLauncherCommandLineRunner.launchJobFromProperties(JobLauncherCommandLineRunner.java:153)
	at org.springframework.boot.autoconfigure.batch.JobLauncherCommandLineRunner.run(JobLauncherCommandLineRunner.java:148)
	at org.springframework.boot.SpringApplication.callRunner(SpringApplication.java:784)
	at org.springframework.boot.SpringApplication.callRunners(SpringApplication.java:768)
	at org.springframework.boot.SpringApplication.run(SpringApplication.java:322)
	at org.springframework.boot.SpringApplication.run(SpringApplication.java:1226)
	at org.springframework.boot.SpringApplication.run(SpringApplication.java:1215)
	at com.fms.batch.FmsBatchApplication.main(FmsBatchApplication.java:13)
Caused by: com.mongodb.MongoBulkWriteException: Bulk write operation error on server localhost:27017. Write errors: [BulkWriteError{index=1, code=11000, message='E11000 duplicate key error collection: fms_event.volunteerDetails index: _id_ dup key: { _id: 0 }', details={}}]. 
	at com.mongodb.connection.BulkWriteBatchCombiner.getError(BulkWriteBatchCombiner.java:173)
	at com.mongodb.connection.BulkWriteBatchCombiner.throwOnError(BulkWriteBatchCombiner.java:202)
	at com.mongodb.connection.BulkWriteBatchCombiner.getResult(BulkWriteBatchCombiner.java:143)
	at com.mongodb.operation.BulkWriteBatch.getResult(BulkWriteBatch.java:227)
	at com.mongodb.operation.MixedBulkWriteOperation.executeBulkWriteBatch(MixedBulkWriteOperation.java:282)
	at com.mongodb.operation.MixedBulkWriteOperation.access$700(MixedBulkWriteOperation.java:72)
	at com.mongodb.operation.MixedBulkWriteOperation$1.call(MixedBulkWriteOperation.java:205)
	at com.mongodb.operation.MixedBulkWriteOperation$1.call(MixedBulkWriteOperation.java:196)
	at com.mongodb.operation.OperationHelper.withReleasableConnection(OperationHelper.java:501)
	at com.mongodb.operation.MixedBulkWriteOperation.execute(MixedBulkWriteOperation.java:196)
	at com.mongodb.operation.MixedBulkWriteOperation.execute(MixedBulkWriteOperation.java:71)
	at com.mongodb.client.internal.MongoClientDelegate$DelegateOperationExecutor.execute(MongoClientDelegate.java:206)
	at com.mongodb.client.internal.MongoCollectionImpl.executeInsertMany(MongoCollectionImpl.java:524)
	at com.mongodb.client.internal.MongoCollectionImpl.insertMany(MongoCollectionImpl.java:508)
	at com.mongodb.client.internal.MongoCollectionImpl.insertMany(MongoCollectionImpl.java:503)
	at org.springframework.data.mongodb.core.MongoTemplate.lambda$insertDocumentList$17(MongoTemplate.java:1526)
	at org.springframework.data.mongodb.core.MongoTemplate.execute(MongoTemplate.java:585)
	... 69 common frames omitted
2020-04-12 19:38:17,703 INFO [main] c.f.b.v.VolunteeReader [VolunteeReader.java:97] Step Status::thirdStep , Step Name:: exitCode=COMPLETED;exitDescription= 
2020-04-12 19:38:17,704 INFO [main] o.s.b.c.s.AbstractStep [AbstractStep.java:272] Step: [thirdStep] executed in 364ms
2020-04-12 19:38:17,706 INFO [main] c.f.b.j.JobListner [JobListner.java:23] <====== JOB COMPLETED =======>
2020-04-12 19:38:17,710 INFO [main] o.s.b.c.l.s.SimpleJobLauncher [SimpleJobLauncher.java:149] Job: [FlowJob: [name=fmsDataJob]] completed with the following parameters: [{run.id=1, -spring.output.ansi.enabled=always}] and the following status: [COMPLETED] in 1s48ms
2020-04-12 19:38:17,714 INFO [SpringContextShutdownHook] o.m.d.connection [SLF4JLogger.java:71] Closed connection [connectionId{localValue:2, serverValue:26}] to localhost:27017 because the pool has been closed.
2020-04-12 19:39:37,467 INFO [main] c.f.b.FmsBatchApplication [StartupInfoLogger.java:55] Starting FmsBatchApplication on DESKTOP-1QKKEMV with PID 9252 (D:\CapstoneWorkSpace\fms-batch\target\classes started by ADMIN in D:\CapstoneWorkSpace\fms-batch)
2020-04-12 19:39:37,469 INFO [main] c.f.b.FmsBatchApplication [SpringApplication.java:651] No active profile set, falling back to default profiles: default
2020-04-12 19:39:37,719 INFO [main] o.s.d.r.c.RepositoryConfigurationDelegate [RepositoryConfigurationDelegate.java:127] Bootstrapping Spring Data MongoDB repositories in DEFAULT mode.
2020-04-12 19:39:37,754 INFO [main] o.s.d.r.c.RepositoryConfigurationDelegate [RepositoryConfigurationDelegate.java:187] Finished Spring Data repository scanning in 33ms. Found 3 MongoDB repository interfaces.
2020-04-12 19:39:37,959 INFO [main] o.m.d.cluster [SLF4JLogger.java:71] Cluster created with settings {hosts=[localhost:27017], mode=SINGLE, requiredClusterType=UNKNOWN, serverSelectionTimeout='30000 ms', maxWaitQueueSize=500}
2020-04-12 19:39:37,989 INFO [cluster-ClusterId{value='5e9321216f5c787c6b93a158', description='null'}-localhost:27017] o.m.d.connection [SLF4JLogger.java:71] Opened connection [connectionId{localValue:1, serverValue:30}] to localhost:27017
2020-04-12 19:39:37,992 INFO [cluster-ClusterId{value='5e9321216f5c787c6b93a158', description='null'}-localhost:27017] o.m.d.cluster [SLF4JLogger.java:71] Monitor thread successfully connected to server with description ServerDescription{address=localhost:27017, type=STANDALONE, state=CONNECTED, ok=true, version=ServerVersion{versionList=[4, 2, 5]}, minWireVersion=0, maxWireVersion=8, maxDocumentSize=16777216, logicalSessionTimeoutMinutes=30, roundTripTimeNanos=2053200}
2020-04-12 19:39:38,178 WARN [main] o.s.d.m.c.m.BasicMongoPersistentProperty [BasicMongoPersistentProperty.java:86] Customizing field name for id property 'com.fms.batch.model.Events.eventId' is not allowed! Custom name ('eventId') will not be considered!
2020-04-12 19:39:38,182 WARN [main] o.s.d.m.c.m.BasicMongoPersistentProperty [BasicMongoPersistentProperty.java:86] Customizing field name for id property 'com.fms.batch.model.pocDetails.pocId' is not allowed! Custom name ('pocId') will not be considered!
2020-04-12 19:39:38,194 WARN [main] o.s.d.m.c.m.BasicMongoPersistentProperty [BasicMongoPersistentProperty.java:86] Customizing field name for id property 'com.fms.batch.model.VolunteerDetails.id' is not allowed! Custom name ('volunteerId') will not be considered!
2020-04-12 19:39:38,244 WARN [main] o.s.d.m.c.m.BasicMongoPersistentProperty [BasicMongoPersistentProperty.java:86] Customizing field name for id property 'com.fms.batch.model.VolunteerDetails.id' is not allowed! Custom name ('volunteerId') will not be considered!
2020-04-12 19:39:38,245 WARN [main] o.s.d.m.c.m.BasicMongoPersistentProperty [BasicMongoPersistentProperty.java:86] Customizing field name for id property 'com.fms.batch.model.Events.eventId' is not allowed! Custom name ('eventId') will not be considered!
2020-04-12 19:39:38,247 WARN [main] o.s.d.m.c.m.BasicMongoPersistentProperty [BasicMongoPersistentProperty.java:86] Customizing field name for id property 'com.fms.batch.model.pocDetails.pocId' is not allowed! Custom name ('pocId') will not be considered!
2020-04-12 19:39:38,294 INFO [main] c.f.b.FmsBatchApplication [StartupInfoLogger.java:61] Started FmsBatchApplication in 0.994 seconds (JVM running for 1.557)
2020-04-12 19:39:38,295 INFO [main] o.s.b.a.b.JobLauncherCommandLineRunner [JobLauncherCommandLineRunner.java:147] Running default command line with: [--spring.output.ansi.enabled=always]
2020-04-12 19:39:38,297 WARN [main] o.s.b.c.c.a.DefaultBatchConfigurer [DefaultBatchConfigurer.java:98] No datasource was provided...using a Map based JobRepository
2020-04-12 19:39:38,297 WARN [main] o.s.b.c.c.a.DefaultBatchConfigurer [DefaultBatchConfigurer.java:101] No transaction manager was provided, using a ResourcelessTransactionManager
2020-04-12 19:39:38,305 INFO [main] o.s.b.c.l.s.SimpleJobLauncher [SimpleJobLauncher.java:209] No TaskExecutor has been set, defaulting to synchronous executor.
2020-04-12 19:39:38,326 INFO [main] o.s.b.c.l.s.SimpleJobLauncher [SimpleJobLauncher.java:145] Job: [FlowJob: [name=fmsDataJob]] launched with the following parameters: [{run.id=1, -spring.output.ansi.enabled=always}]
2020-04-12 19:39:38,342 INFO [main] c.f.b.j.JobListner [JobListner.java:16] <====== JOB STARTED =======>
2020-04-12 19:39:38,350 INFO [main] o.s.b.c.j.SimpleStepHandler [SimpleStepHandler.java:146] Executing step: [firstStep]
2020-04-12 19:39:38,353 WARN [main] c.f.b.e.EventDetailReader [EventDetailReader.java:80] File does not exists at path:: D:\Capstone\Inputs\OutReachEventInfo.xlsx
2020-04-12 19:39:38,361 INFO [main] c.f.b.e.EventDetailReader [EventDetailReader.java:87] Step Status::firstStep , Step Name:: exitCode=COMPLETED;exitDescription= 
2020-04-12 19:39:38,362 INFO [main] o.s.b.c.s.AbstractStep [AbstractStep.java:272] Step: [firstStep] executed in 11ms
2020-04-12 19:39:38,369 INFO [main] o.s.b.c.j.SimpleStepHandler [SimpleStepHandler.java:146] Executing step: [secondStep]
2020-04-12 19:39:38,595 INFO [main] c.f.b.e.EventWriter [EventWriter.java:22] Total records to save 8
2020-04-12 19:39:38,915 INFO [main] o.m.d.connection [SLF4JLogger.java:71] Opened connection [connectionId{localValue:2, serverValue:31}] to localhost:27017
2020-04-12 19:39:39,010 INFO [main] c.f.b.e.EventReader [EventReader.java:74] Step Status::secondStep , Step Name:: exitCode=COMPLETED;exitDescription= 
2020-04-12 19:39:39,011 INFO [main] o.s.b.c.s.AbstractStep [AbstractStep.java:272] Step: [secondStep] executed in 641ms
2020-04-12 19:39:39,016 INFO [main] o.s.b.c.j.SimpleStepHandler [SimpleStepHandler.java:146] Executing step: [thirdStep]
2020-04-12 19:39:39,038 INFO [main] c.f.b.v.VolunteeWriter [VolunteeWriter.java:25] Inside Item Writer. Total Size is 2
2020-04-12 19:39:39,053 ERROR [main] c.f.b.v.VolunteeWriter [VolunteeWriter.java:37] Exception Occuredin writer -  {}
org.springframework.dao.DuplicateKeyException: Bulk write operation error on server localhost:27017. Write errors: [BulkWriteError{index=0, code=11000, message='E11000 duplicate key error collection: fms_event.volunteerDetails index: _id_ dup key: { _id: 0 }', details={}}]. ; nested exception is com.mongodb.MongoBulkWriteException: Bulk write operation error on server localhost:27017. Write errors: [BulkWriteError{index=0, code=11000, message='E11000 duplicate key error collection: fms_event.volunteerDetails index: _id_ dup key: { _id: 0 }', details={}}]. 
	at org.springframework.data.mongodb.core.MongoExceptionTranslator.translateExceptionIfPossible(MongoExceptionTranslator.java:106)
	at org.springframework.data.mongodb.core.MongoTemplate.potentiallyConvertRuntimeException(MongoTemplate.java:2902)
	at org.springframework.data.mongodb.core.MongoTemplate.execute(MongoTemplate.java:587)
	at org.springframework.data.mongodb.core.MongoTemplate.insertDocumentList(MongoTemplate.java:1519)
	at org.springframework.data.mongodb.core.MongoTemplate.doInsertBatch(MongoTemplate.java:1384)
	at org.springframework.data.mongodb.core.MongoTemplate.insert(MongoTemplate.java:1318)
	at org.springframework.data.mongodb.repository.support.SimpleMongoRepository.saveAll(SimpleMongoRepository.java:105)
	at org.springframework.data.mongodb.repository.support.SimpleMongoRepository.saveAll(SimpleMongoRepository.java:54)
	at sun.reflect.NativeMethodAccessorImpl.invoke0(Native Method)
	at sun.reflect.NativeMethodAccessorImpl.invoke(Unknown Source)
	at sun.reflect.DelegatingMethodAccessorImpl.invoke(Unknown Source)
	at java.lang.reflect.Method.invoke(Unknown Source)
	at org.springframework.data.repository.core.support.RepositoryComposition$RepositoryFragments.invoke(RepositoryComposition.java:371)
	at org.springframework.data.repository.core.support.RepositoryComposition.invoke(RepositoryComposition.java:204)
	at org.springframework.data.repository.core.support.RepositoryFactorySupport$ImplementationMethodExecutionInterceptor.invoke(RepositoryFactorySupport.java:657)
	at org.springframework.aop.framework.ReflectiveMethodInvocation.proceed(ReflectiveMethodInvocation.java:186)
	at org.springframework.data.repository.core.support.RepositoryFactorySupport$QueryExecutorMethodInterceptor.doInvoke(RepositoryFactorySupport.java:621)
	at org.springframework.data.repository.core.support.RepositoryFactorySupport$QueryExecutorMethodInterceptor.invoke(RepositoryFactorySupport.java:605)
	at org.springframework.aop.framework.ReflectiveMethodInvocation.proceed(ReflectiveMethodInvocation.java:186)
	at org.springframework.data.projection.DefaultMethodInvokingMethodInterceptor.invoke(DefaultMethodInvokingMethodInterceptor.java:80)
	at org.springframework.aop.framework.ReflectiveMethodInvocation.proceed(ReflectiveMethodInvocation.java:186)
	at org.springframework.aop.interceptor.ExposeInvocationInterceptor.invoke(ExposeInvocationInterceptor.java:95)
	at org.springframework.aop.framework.ReflectiveMethodInvocation.proceed(ReflectiveMethodInvocation.java:186)
	at org.springframework.aop.framework.JdkDynamicAopProxy.invoke(JdkDynamicAopProxy.java:212)
	at com.sun.proxy.$Proxy65.saveAll(Unknown Source)
	at com.fms.batch.volunteer.VolunteeWriter.write(VolunteeWriter.java:27)
	at org.springframework.batch.core.step.item.SimpleChunkProcessor.writeItems(SimpleChunkProcessor.java:193)
	at org.springframework.batch.core.step.item.SimpleChunkProcessor.doWrite(SimpleChunkProcessor.java:159)
	at org.springframework.batch.core.step.item.SimpleChunkProcessor.write(SimpleChunkProcessor.java:294)
	at org.springframework.batch.core.step.item.SimpleChunkProcessor.process(SimpleChunkProcessor.java:217)
	at org.springframework.batch.core.step.item.ChunkOrientedTasklet.execute(ChunkOrientedTasklet.java:77)
	at org.springframework.batch.core.step.tasklet.TaskletStep$ChunkTransactionCallback.doInTransaction(TaskletStep.java:407)
	at org.springframework.batch.core.step.tasklet.TaskletStep$ChunkTransactionCallback.doInTransaction(TaskletStep.java:331)
	at org.springframework.transaction.support.TransactionTemplate.execute(TransactionTemplate.java:140)
	at org.springframework.batch.core.step.tasklet.TaskletStep$2.doInChunkContext(TaskletStep.java:273)
	at org.springframework.batch.core.scope.context.StepContextRepeatCallback.doInIteration(StepContextRepeatCallback.java:82)
	at org.springframework.batch.repeat.support.RepeatTemplate.getNextResult(RepeatTemplate.java:375)
	at org.springframework.batch.repeat.support.RepeatTemplate.executeInternal(RepeatTemplate.java:215)
	at org.springframework.batch.repeat.support.RepeatTemplate.iterate(RepeatTemplate.java:145)
	at org.springframework.batch.core.step.tasklet.TaskletStep.doExecute(TaskletStep.java:258)
	at org.springframework.batch.core.step.AbstractStep.execute(AbstractStep.java:208)
	at org.springframework.batch.core.job.SimpleStepHandler.handleStep(SimpleStepHandler.java:148)
	at org.springframework.batch.core.job.flow.JobFlowExecutor.executeStep(JobFlowExecutor.java:68)
	at org.springframework.batch.core.job.flow.support.state.StepState.handle(StepState.java:68)
	at org.springframework.batch.core.job.flow.support.SimpleFlow.resume(SimpleFlow.java:169)
	at org.springframework.batch.core.job.flow.support.SimpleFlow.start(SimpleFlow.java:144)
	at org.springframework.batch.core.job.flow.FlowJob.doExecute(FlowJob.java:137)
	at org.springframework.batch.core.job.AbstractJob.execute(AbstractJob.java:319)
	at org.springframework.batch.core.launch.support.SimpleJobLauncher$1.run(SimpleJobLauncher.java:147)
	at org.springframework.core.task.SyncTaskExecutor.execute(SyncTaskExecutor.java:50)
	at org.springframework.batch.core.launch.support.SimpleJobLauncher.run(SimpleJobLauncher.java:140)
	at sun.reflect.NativeMethodAccessorImpl.invoke0(Native Method)
	at sun.reflect.NativeMethodAccessorImpl.invoke(Unknown Source)
	at sun.reflect.DelegatingMethodAccessorImpl.invoke(Unknown Source)
	at java.lang.reflect.Method.invoke(Unknown Source)
	at org.springframework.aop.support.AopUtils.invokeJoinpointUsingReflection(AopUtils.java:344)
	at org.springframework.aop.framework.ReflectiveMethodInvocation.invokeJoinpoint(ReflectiveMethodInvocation.java:198)
	at org.springframework.aop.framework.ReflectiveMethodInvocation.proceed(ReflectiveMethodInvocation.java:163)
	at org.springframework.batch.core.configuration.annotation.SimpleBatchConfiguration$PassthruAdvice.invoke(SimpleBatchConfiguration.java:127)
	at org.springframework.aop.framework.ReflectiveMethodInvocation.proceed(ReflectiveMethodInvocation.java:186)
	at org.springframework.aop.framework.JdkDynamicAopProxy.invoke(JdkDynamicAopProxy.java:212)
	at com.sun.proxy.$Proxy50.run(Unknown Source)
	at org.springframework.boot.autoconfigure.batch.JobLauncherCommandLineRunner.execute(JobLauncherCommandLineRunner.java:192)
	at org.springframework.boot.autoconfigure.batch.JobLauncherCommandLineRunner.executeLocalJobs(JobLauncherCommandLineRunner.java:166)
	at org.springframework.boot.autoconfigure.batch.JobLauncherCommandLineRunner.launchJobFromProperties(JobLauncherCommandLineRunner.java:153)
	at org.springframework.boot.autoconfigure.batch.JobLauncherCommandLineRunner.run(JobLauncherCommandLineRunner.java:148)
	at org.springframework.boot.SpringApplication.callRunner(SpringApplication.java:784)
	at org.springframework.boot.SpringApplication.callRunners(SpringApplication.java:768)
	at org.springframework.boot.SpringApplication.run(SpringApplication.java:322)
	at org.springframework.boot.SpringApplication.run(SpringApplication.java:1226)
	at org.springframework.boot.SpringApplication.run(SpringApplication.java:1215)
	at com.fms.batch.FmsBatchApplication.main(FmsBatchApplication.java:13)
Caused by: com.mongodb.MongoBulkWriteException: Bulk write operation error on server localhost:27017. Write errors: [BulkWriteError{index=0, code=11000, message='E11000 duplicate key error collection: fms_event.volunteerDetails index: _id_ dup key: { _id: 0 }', details={}}]. 
	at com.mongodb.connection.BulkWriteBatchCombiner.getError(BulkWriteBatchCombiner.java:173)
	at com.mongodb.connection.BulkWriteBatchCombiner.throwOnError(BulkWriteBatchCombiner.java:202)
	at com.mongodb.connection.BulkWriteBatchCombiner.getResult(BulkWriteBatchCombiner.java:143)
	at com.mongodb.operation.BulkWriteBatch.getResult(BulkWriteBatch.java:227)
	at com.mongodb.operation.MixedBulkWriteOperation.executeBulkWriteBatch(MixedBulkWriteOperation.java:282)
	at com.mongodb.operation.MixedBulkWriteOperation.access$700(MixedBulkWriteOperation.java:72)
	at com.mongodb.operation.MixedBulkWriteOperation$1.call(MixedBulkWriteOperation.java:205)
	at com.mongodb.operation.MixedBulkWriteOperation$1.call(MixedBulkWriteOperation.java:196)
	at com.mongodb.operation.OperationHelper.withReleasableConnection(OperationHelper.java:501)
	at com.mongodb.operation.MixedBulkWriteOperation.execute(MixedBulkWriteOperation.java:196)
	at com.mongodb.operation.MixedBulkWriteOperation.execute(MixedBulkWriteOperation.java:71)
	at com.mongodb.client.internal.MongoClientDelegate$DelegateOperationExecutor.execute(MongoClientDelegate.java:206)
	at com.mongodb.client.internal.MongoCollectionImpl.executeInsertMany(MongoCollectionImpl.java:524)
	at com.mongodb.client.internal.MongoCollectionImpl.insertMany(MongoCollectionImpl.java:508)
	at com.mongodb.client.internal.MongoCollectionImpl.insertMany(MongoCollectionImpl.java:503)
	at org.springframework.data.mongodb.core.MongoTemplate.lambda$insertDocumentList$17(MongoTemplate.java:1526)
	at org.springframework.data.mongodb.core.MongoTemplate.execute(MongoTemplate.java:585)
	... 69 common frames omitted
2020-04-12 19:39:39,055 INFO [main] c.f.b.v.VolunteeReader [VolunteeReader.java:97] Step Status::thirdStep , Step Name:: exitCode=COMPLETED;exitDescription= 
2020-04-12 19:39:39,055 INFO [main] o.s.b.c.s.AbstractStep [AbstractStep.java:272] Step: [thirdStep] executed in 39ms
2020-04-12 19:39:39,056 INFO [main] c.f.b.j.JobListner [JobListner.java:23] <====== JOB COMPLETED =======>
2020-04-12 19:39:39,057 INFO [main] o.s.b.c.l.s.SimpleJobLauncher [SimpleJobLauncher.java:149] Job: [FlowJob: [name=fmsDataJob]] completed with the following parameters: [{run.id=1, -spring.output.ansi.enabled=always}] and the following status: [COMPLETED] in 717ms
2020-04-12 19:39:39,061 INFO [SpringContextShutdownHook] o.m.d.connection [SLF4JLogger.java:71] Closed connection [connectionId{localValue:2, serverValue:31}] to localhost:27017 because the pool has been closed.
2020-04-12 19:40:41,987 INFO [main] c.f.b.FmsBatchApplication [StartupInfoLogger.java:55] Starting FmsBatchApplication on DESKTOP-1QKKEMV with PID 2100 (D:\CapstoneWorkSpace\fms-batch\target\classes started by ADMIN in D:\CapstoneWorkSpace\fms-batch)
2020-04-12 19:40:41,988 INFO [main] c.f.b.FmsBatchApplication [SpringApplication.java:651] No active profile set, falling back to default profiles: default
2020-04-12 19:40:42,226 INFO [main] o.s.d.r.c.RepositoryConfigurationDelegate [RepositoryConfigurationDelegate.java:127] Bootstrapping Spring Data MongoDB repositories in DEFAULT mode.
2020-04-12 19:40:42,263 INFO [main] o.s.d.r.c.RepositoryConfigurationDelegate [RepositoryConfigurationDelegate.java:187] Finished Spring Data repository scanning in 35ms. Found 3 MongoDB repository interfaces.
2020-04-12 19:40:42,467 INFO [main] o.m.d.cluster [SLF4JLogger.java:71] Cluster created with settings {hosts=[localhost:27017], mode=SINGLE, requiredClusterType=UNKNOWN, serverSelectionTimeout='30000 ms', maxWaitQueueSize=500}
2020-04-12 19:40:42,496 INFO [cluster-ClusterId{value='5e93216277c8393281e77863', description='null'}-localhost:27017] o.m.d.connection [SLF4JLogger.java:71] Opened connection [connectionId{localValue:1, serverValue:34}] to localhost:27017
2020-04-12 19:40:42,499 INFO [cluster-ClusterId{value='5e93216277c8393281e77863', description='null'}-localhost:27017] o.m.d.cluster [SLF4JLogger.java:71] Monitor thread successfully connected to server with description ServerDescription{address=localhost:27017, type=STANDALONE, state=CONNECTED, ok=true, version=ServerVersion{versionList=[4, 2, 5]}, minWireVersion=0, maxWireVersion=8, maxDocumentSize=16777216, logicalSessionTimeoutMinutes=30, roundTripTimeNanos=1780600}
2020-04-12 19:40:42,680 WARN [main] o.s.d.m.c.m.BasicMongoPersistentProperty [BasicMongoPersistentProperty.java:86] Customizing field name for id property 'com.fms.batch.model.Events.eventId' is not allowed! Custom name ('eventId') will not be considered!
2020-04-12 19:40:42,683 WARN [main] o.s.d.m.c.m.BasicMongoPersistentProperty [BasicMongoPersistentProperty.java:86] Customizing field name for id property 'com.fms.batch.model.pocDetails.pocId' is not allowed! Custom name ('pocId') will not be considered!
2020-04-12 19:40:42,695 WARN [main] o.s.d.m.c.m.BasicMongoPersistentProperty [BasicMongoPersistentProperty.java:86] Customizing field name for id property 'com.fms.batch.model.VolunteerDetails.id' is not allowed! Custom name ('volunteerId') will not be considered!
2020-04-12 19:40:42,741 WARN [main] o.s.d.m.c.m.BasicMongoPersistentProperty [BasicMongoPersistentProperty.java:86] Customizing field name for id property 'com.fms.batch.model.Events.eventId' is not allowed! Custom name ('eventId') will not be considered!
2020-04-12 19:40:42,743 WARN [main] o.s.d.m.c.m.BasicMongoPersistentProperty [BasicMongoPersistentProperty.java:86] Customizing field name for id property 'com.fms.batch.model.pocDetails.pocId' is not allowed! Custom name ('pocId') will not be considered!
2020-04-12 19:40:42,745 WARN [main] o.s.d.m.c.m.BasicMongoPersistentProperty [BasicMongoPersistentProperty.java:86] Customizing field name for id property 'com.fms.batch.model.VolunteerDetails.id' is not allowed! Custom name ('volunteerId') will not be considered!
2020-04-12 19:40:42,792 INFO [main] c.f.b.FmsBatchApplication [StartupInfoLogger.java:61] Started FmsBatchApplication in 0.97 seconds (JVM running for 1.548)
2020-04-12 19:40:42,793 INFO [main] o.s.b.a.b.JobLauncherCommandLineRunner [JobLauncherCommandLineRunner.java:147] Running default command line with: [--spring.output.ansi.enabled=always]
2020-04-12 19:40:42,794 WARN [main] o.s.b.c.c.a.DefaultBatchConfigurer [DefaultBatchConfigurer.java:98] No datasource was provided...using a Map based JobRepository
2020-04-12 19:40:42,794 WARN [main] o.s.b.c.c.a.DefaultBatchConfigurer [DefaultBatchConfigurer.java:101] No transaction manager was provided, using a ResourcelessTransactionManager
2020-04-12 19:40:42,801 INFO [main] o.s.b.c.l.s.SimpleJobLauncher [SimpleJobLauncher.java:209] No TaskExecutor has been set, defaulting to synchronous executor.
2020-04-12 19:40:42,821 INFO [main] o.s.b.c.l.s.SimpleJobLauncher [SimpleJobLauncher.java:145] Job: [FlowJob: [name=fmsDataJob]] launched with the following parameters: [{run.id=1, -spring.output.ansi.enabled=always}]
2020-04-12 19:40:42,838 INFO [main] c.f.b.j.JobListner [JobListner.java:16] <====== JOB STARTED =======>
2020-04-12 19:40:42,846 INFO [main] o.s.b.c.j.SimpleStepHandler [SimpleStepHandler.java:146] Executing step: [firstStep]
2020-04-12 19:40:42,849 WARN [main] c.f.b.e.EventDetailReader [EventDetailReader.java:80] File does not exists at path:: D:\Capstone\Inputs\OutReachEventInfo.xlsx
2020-04-12 19:40:42,857 INFO [main] c.f.b.e.EventDetailReader [EventDetailReader.java:87] Step Status::firstStep , Step Name:: exitCode=COMPLETED;exitDescription= 
2020-04-12 19:40:42,858 INFO [main] o.s.b.c.s.AbstractStep [AbstractStep.java:272] Step: [firstStep] executed in 12ms
2020-04-12 19:40:42,865 INFO [main] o.s.b.c.j.SimpleStepHandler [SimpleStepHandler.java:146] Executing step: [secondStep]
2020-04-12 19:40:43,091 INFO [main] c.f.b.e.EventWriter [EventWriter.java:22] Total records to save 8
2020-04-12 19:40:43,417 INFO [main] o.m.d.connection [SLF4JLogger.java:71] Opened connection [connectionId{localValue:2, serverValue:35}] to localhost:27017
2020-04-12 19:40:43,513 INFO [main] c.f.b.e.EventReader [EventReader.java:74] Step Status::secondStep , Step Name:: exitCode=COMPLETED;exitDescription= 
2020-04-12 19:40:43,514 INFO [main] o.s.b.c.s.AbstractStep [AbstractStep.java:272] Step: [secondStep] executed in 649ms
2020-04-12 19:40:43,518 INFO [main] o.s.b.c.j.SimpleStepHandler [SimpleStepHandler.java:146] Executing step: [thirdStep]
2020-04-12 19:40:43,542 INFO [main] c.f.b.v.VolunteeWriter [VolunteeWriter.java:25] Inside Item Writer. Total Size is 2
2020-04-12 19:40:43,548 INFO [main] c.f.b.v.VolunteeWriter [VolunteeWriter.java:28] <=====Data Saved Successfully!=====>
2020-04-12 19:40:43,550 INFO [main] c.f.b.v.VolunteeReader [VolunteeReader.java:97] Step Status::thirdStep , Step Name:: exitCode=COMPLETED;exitDescription= 
2020-04-12 19:40:43,550 INFO [main] o.s.b.c.s.AbstractStep [AbstractStep.java:272] Step: [thirdStep] executed in 31ms
2020-04-12 19:40:43,551 INFO [main] c.f.b.j.JobListner [JobListner.java:23] <====== JOB COMPLETED =======>
2020-04-12 19:40:43,552 INFO [main] o.s.b.c.l.s.SimpleJobLauncher [SimpleJobLauncher.java:149] Job: [FlowJob: [name=fmsDataJob]] completed with the following parameters: [{run.id=1, -spring.output.ansi.enabled=always}] and the following status: [COMPLETED] in 717ms
2020-04-12 19:40:43,555 INFO [SpringContextShutdownHook] o.m.d.connection [SLF4JLogger.java:71] Closed connection [connectionId{localValue:2, serverValue:35}] to localhost:27017 because the pool has been closed.
2020-04-12 19:43:16,772 INFO [main] c.f.b.FmsBatchApplication [StartupInfoLogger.java:55] Starting FmsBatchApplication on DESKTOP-1QKKEMV with PID 7648 (D:\CapstoneWorkSpace\fms-batch\target\classes started by ADMIN in D:\CapstoneWorkSpace\fms-batch)
2020-04-12 19:43:16,774 INFO [main] c.f.b.FmsBatchApplication [SpringApplication.java:651] No active profile set, falling back to default profiles: default
2020-04-12 19:43:17,013 INFO [main] o.s.d.r.c.RepositoryConfigurationDelegate [RepositoryConfigurationDelegate.java:127] Bootstrapping Spring Data MongoDB repositories in DEFAULT mode.
2020-04-12 19:43:17,051 INFO [main] o.s.d.r.c.RepositoryConfigurationDelegate [RepositoryConfigurationDelegate.java:187] Finished Spring Data repository scanning in 34ms. Found 3 MongoDB repository interfaces.
2020-04-12 19:43:17,256 INFO [main] o.m.d.cluster [SLF4JLogger.java:71] Cluster created with settings {hosts=[localhost:27017], mode=SINGLE, requiredClusterType=UNKNOWN, serverSelectionTimeout='30000 ms', maxWaitQueueSize=500}
2020-04-12 19:43:17,285 INFO [cluster-ClusterId{value='5e9321fd77728767a4cf07e7', description='null'}-localhost:27017] o.m.d.connection [SLF4JLogger.java:71] Opened connection [connectionId{localValue:1, serverValue:48}] to localhost:27017
2020-04-12 19:43:17,288 INFO [cluster-ClusterId{value='5e9321fd77728767a4cf07e7', description='null'}-localhost:27017] o.m.d.cluster [SLF4JLogger.java:71] Monitor thread successfully connected to server with description ServerDescription{address=localhost:27017, type=STANDALONE, state=CONNECTED, ok=true, version=ServerVersion{versionList=[4, 2, 5]}, minWireVersion=0, maxWireVersion=8, maxDocumentSize=16777216, logicalSessionTimeoutMinutes=30, roundTripTimeNanos=2073300}
2020-04-12 19:43:17,471 WARN [main] o.s.d.m.c.m.BasicMongoPersistentProperty [BasicMongoPersistentProperty.java:86] Customizing field name for id property 'com.fms.batch.model.Events.eventId' is not allowed! Custom name ('eventId') will not be considered!
2020-04-12 19:43:17,475 WARN [main] o.s.d.m.c.m.BasicMongoPersistentProperty [BasicMongoPersistentProperty.java:86] Customizing field name for id property 'com.fms.batch.model.pocDetails.pocId' is not allowed! Custom name ('pocId') will not be considered!
2020-04-12 19:43:17,486 WARN [main] o.s.d.m.c.m.BasicMongoPersistentProperty [BasicMongoPersistentProperty.java:86] Customizing field name for id property 'com.fms.batch.model.VolunteerDetails.id' is not allowed! Custom name ('volunteerId') will not be considered!
2020-04-12 19:43:17,532 WARN [main] o.s.d.m.c.m.BasicMongoPersistentProperty [BasicMongoPersistentProperty.java:86] Customizing field name for id property 'com.fms.batch.model.pocDetails.pocId' is not allowed! Custom name ('pocId') will not be considered!
2020-04-12 19:43:17,535 WARN [main] o.s.d.m.c.m.BasicMongoPersistentProperty [BasicMongoPersistentProperty.java:86] Customizing field name for id property 'com.fms.batch.model.Events.eventId' is not allowed! Custom name ('eventId') will not be considered!
2020-04-12 19:43:17,538 WARN [main] o.s.d.m.c.m.BasicMongoPersistentProperty [BasicMongoPersistentProperty.java:86] Customizing field name for id property 'com.fms.batch.model.VolunteerDetails.id' is not allowed! Custom name ('volunteerId') will not be considered!
2020-04-12 19:43:17,586 INFO [main] c.f.b.FmsBatchApplication [StartupInfoLogger.java:61] Started FmsBatchApplication in 0.984 seconds (JVM running for 1.559)
2020-04-12 19:43:17,587 INFO [main] o.s.b.a.b.JobLauncherCommandLineRunner [JobLauncherCommandLineRunner.java:147] Running default command line with: [--spring.output.ansi.enabled=always]
2020-04-12 19:43:17,589 WARN [main] o.s.b.c.c.a.DefaultBatchConfigurer [DefaultBatchConfigurer.java:98] No datasource was provided...using a Map based JobRepository
2020-04-12 19:43:17,589 WARN [main] o.s.b.c.c.a.DefaultBatchConfigurer [DefaultBatchConfigurer.java:101] No transaction manager was provided, using a ResourcelessTransactionManager
2020-04-12 19:43:17,596 INFO [main] o.s.b.c.l.s.SimpleJobLauncher [SimpleJobLauncher.java:209] No TaskExecutor has been set, defaulting to synchronous executor.
2020-04-12 19:43:17,618 INFO [main] o.s.b.c.l.s.SimpleJobLauncher [SimpleJobLauncher.java:145] Job: [FlowJob: [name=fmsDataJob]] launched with the following parameters: [{run.id=1, -spring.output.ansi.enabled=always}]
2020-04-12 19:43:17,634 INFO [main] c.f.b.j.JobListner [JobListner.java:16] <====== JOB STARTED =======>
2020-04-12 19:43:17,643 INFO [main] o.s.b.c.j.SimpleStepHandler [SimpleStepHandler.java:146] Executing step: [firstStep]
2020-04-12 19:43:17,646 WARN [main] c.f.b.e.EventDetailReader [EventDetailReader.java:80] File does not exists at path:: D:\Capstone\Inputs\OutReachEventInfo.xlsx
2020-04-12 19:43:17,655 INFO [main] c.f.b.e.EventDetailReader [EventDetailReader.java:87] Step Status::firstStep , Step Name:: exitCode=COMPLETED;exitDescription= 
2020-04-12 19:43:17,656 INFO [main] o.s.b.c.s.AbstractStep [AbstractStep.java:272] Step: [firstStep] executed in 12ms
2020-04-12 19:43:17,664 INFO [main] o.s.b.c.j.SimpleStepHandler [SimpleStepHandler.java:146] Executing step: [secondStep]
2020-04-12 19:43:17,900 INFO [main] c.f.b.e.EventWriter [EventWriter.java:22] Total records to save 8
2020-04-12 19:43:18,232 INFO [main] o.m.d.connection [SLF4JLogger.java:71] Opened connection [connectionId{localValue:2, serverValue:49}] to localhost:27017
2020-04-12 19:43:18,328 INFO [main] c.f.b.e.EventReader [EventReader.java:74] Step Status::secondStep , Step Name:: exitCode=COMPLETED;exitDescription= 
2020-04-12 19:43:18,329 INFO [main] o.s.b.c.s.AbstractStep [AbstractStep.java:272] Step: [secondStep] executed in 664ms
2020-04-12 19:43:18,333 INFO [main] o.s.b.c.j.SimpleStepHandler [SimpleStepHandler.java:146] Executing step: [thirdStep]
2020-04-12 19:43:18,362 INFO [main] c.f.b.v.VolunteeWriter [VolunteeWriter.java:25] Inside Item Writer. Total Size is 2
2020-04-12 19:43:18,367 INFO [main] c.f.b.v.VolunteeWriter [VolunteeWriter.java:28] <=====Data Saved Successfully!=====>
2020-04-12 19:43:18,369 INFO [main] c.f.b.v.VolunteeReader [VolunteeReader.java:97] Step Status::thirdStep , Step Name:: exitCode=COMPLETED;exitDescription= 
2020-04-12 19:43:18,370 INFO [main] o.s.b.c.s.AbstractStep [AbstractStep.java:272] Step: [thirdStep] executed in 36ms
2020-04-12 19:43:18,371 INFO [main] c.f.b.j.JobListner [JobListner.java:23] <====== JOB COMPLETED =======>
2020-04-12 19:43:18,372 INFO [main] o.s.b.c.l.s.SimpleJobLauncher [SimpleJobLauncher.java:149] Job: [FlowJob: [name=fmsDataJob]] completed with the following parameters: [{run.id=1, -spring.output.ansi.enabled=always}] and the following status: [COMPLETED] in 740ms
2020-04-12 19:43:18,375 INFO [SpringContextShutdownHook] o.m.d.connection [SLF4JLogger.java:71] Closed connection [connectionId{localValue:2, serverValue:49}] to localhost:27017 because the pool has been closed.
2020-04-12 19:43:59,066 INFO [main] c.f.b.FmsBatchApplication [StartupInfoLogger.java:55] Starting FmsBatchApplication on DESKTOP-1QKKEMV with PID 8320 (D:\CapstoneWorkSpace\fms-batch\target\classes started by ADMIN in D:\CapstoneWorkSpace\fms-batch)
2020-04-12 19:43:59,068 INFO [main] c.f.b.FmsBatchApplication [SpringApplication.java:651] No active profile set, falling back to default profiles: default
2020-04-12 19:43:59,316 INFO [main] o.s.d.r.c.RepositoryConfigurationDelegate [RepositoryConfigurationDelegate.java:127] Bootstrapping Spring Data MongoDB repositories in DEFAULT mode.
2020-04-12 19:43:59,352 INFO [main] o.s.d.r.c.RepositoryConfigurationDelegate [RepositoryConfigurationDelegate.java:187] Finished Spring Data repository scanning in 33ms. Found 3 MongoDB repository interfaces.
2020-04-12 19:43:59,557 INFO [main] o.m.d.cluster [SLF4JLogger.java:71] Cluster created with settings {hosts=[localhost:27017], mode=SINGLE, requiredClusterType=UNKNOWN, serverSelectionTimeout='30000 ms', maxWaitQueueSize=500}
2020-04-12 19:43:59,586 INFO [cluster-ClusterId{value='5e9322274af5e43641d7d0c1', description='null'}-localhost:27017] o.m.d.connection [SLF4JLogger.java:71] Opened connection [connectionId{localValue:1, serverValue:55}] to localhost:27017
2020-04-12 19:43:59,589 INFO [cluster-ClusterId{value='5e9322274af5e43641d7d0c1', description='null'}-localhost:27017] o.m.d.cluster [SLF4JLogger.java:71] Monitor thread successfully connected to server with description ServerDescription{address=localhost:27017, type=STANDALONE, state=CONNECTED, ok=true, version=ServerVersion{versionList=[4, 2, 5]}, minWireVersion=0, maxWireVersion=8, maxDocumentSize=16777216, logicalSessionTimeoutMinutes=30, roundTripTimeNanos=1880200}
2020-04-12 19:43:59,780 WARN [main] o.s.d.m.c.m.BasicMongoPersistentProperty [BasicMongoPersistentProperty.java:86] Customizing field name for id property 'com.fms.batch.model.Events.eventId' is not allowed! Custom name ('eventId') will not be considered!
2020-04-12 19:43:59,784 WARN [main] o.s.d.m.c.m.BasicMongoPersistentProperty [BasicMongoPersistentProperty.java:86] Customizing field name for id property 'com.fms.batch.model.pocDetails.pocId' is not allowed! Custom name ('pocId') will not be considered!
2020-04-12 19:43:59,795 WARN [main] o.s.d.m.c.m.BasicMongoPersistentProperty [BasicMongoPersistentProperty.java:86] Customizing field name for id property 'com.fms.batch.model.VolunteerDetails.id' is not allowed! Custom name ('volunteerId') will not be considered!
2020-04-12 19:43:59,841 WARN [main] o.s.d.m.c.m.BasicMongoPersistentProperty [BasicMongoPersistentProperty.java:86] Customizing field name for id property 'com.fms.batch.model.Events.eventId' is not allowed! Custom name ('eventId') will not be considered!
2020-04-12 19:43:59,843 WARN [main] o.s.d.m.c.m.BasicMongoPersistentProperty [BasicMongoPersistentProperty.java:86] Customizing field name for id property 'com.fms.batch.model.pocDetails.pocId' is not allowed! Custom name ('pocId') will not be considered!
2020-04-12 19:43:59,847 WARN [main] o.s.d.m.c.m.BasicMongoPersistentProperty [BasicMongoPersistentProperty.java:86] Customizing field name for id property 'com.fms.batch.model.VolunteerDetails.id' is not allowed! Custom name ('volunteerId') will not be considered!
2020-04-12 19:43:59,905 INFO [main] c.f.b.FmsBatchApplication [StartupInfoLogger.java:61] Started FmsBatchApplication in 1.013 seconds (JVM running for 1.596)
2020-04-12 19:43:59,906 INFO [main] o.s.b.a.b.JobLauncherCommandLineRunner [JobLauncherCommandLineRunner.java:147] Running default command line with: [--spring.output.ansi.enabled=always]
2020-04-12 19:43:59,907 WARN [main] o.s.b.c.c.a.DefaultBatchConfigurer [DefaultBatchConfigurer.java:98] No datasource was provided...using a Map based JobRepository
2020-04-12 19:43:59,907 WARN [main] o.s.b.c.c.a.DefaultBatchConfigurer [DefaultBatchConfigurer.java:101] No transaction manager was provided, using a ResourcelessTransactionManager
2020-04-12 19:43:59,914 INFO [main] o.s.b.c.l.s.SimpleJobLauncher [SimpleJobLauncher.java:209] No TaskExecutor has been set, defaulting to synchronous executor.
2020-04-12 19:43:59,931 INFO [main] o.s.b.c.l.s.SimpleJobLauncher [SimpleJobLauncher.java:145] Job: [FlowJob: [name=fmsDataJob]] launched with the following parameters: [{run.id=1, -spring.output.ansi.enabled=always}]
2020-04-12 19:43:59,947 INFO [main] c.f.b.j.JobListner [JobListner.java:16] <====== JOB STARTED =======>
2020-04-12 19:43:59,953 INFO [main] o.s.b.c.j.SimpleStepHandler [SimpleStepHandler.java:146] Executing step: [firstStep]
2020-04-12 19:43:59,956 WARN [main] c.f.b.e.EventDetailReader [EventDetailReader.java:80] File does not exists at path:: D:\Capstone\Inputs\OutReachEventInfo.xlsx
2020-04-12 19:43:59,964 INFO [main] c.f.b.e.EventDetailReader [EventDetailReader.java:87] Step Status::firstStep , Step Name:: exitCode=COMPLETED;exitDescription= 
2020-04-12 19:43:59,965 INFO [main] o.s.b.c.s.AbstractStep [AbstractStep.java:272] Step: [firstStep] executed in 11ms
2020-04-12 19:43:59,973 INFO [main] o.s.b.c.j.SimpleStepHandler [SimpleStepHandler.java:146] Executing step: [secondStep]
2020-04-12 19:44:00,197 INFO [main] c.f.b.e.EventWriter [EventWriter.java:22] Total records to save 8
2020-04-12 19:44:00,594 INFO [main] o.m.d.connection [SLF4JLogger.java:71] Opened connection [connectionId{localValue:2, serverValue:56}] to localhost:27017
2020-04-12 19:44:00,634 INFO [main] c.f.b.e.EventReader [EventReader.java:74] Step Status::secondStep , Step Name:: exitCode=COMPLETED;exitDescription= 
2020-04-12 19:44:00,635 INFO [main] o.s.b.c.s.AbstractStep [AbstractStep.java:272] Step: [secondStep] executed in 662ms
2020-04-12 19:44:00,640 INFO [main] o.s.b.c.j.SimpleStepHandler [SimpleStepHandler.java:146] Executing step: [thirdStep]
2020-04-12 19:44:00,666 INFO [main] c.f.b.v.VolunteeWriter [VolunteeWriter.java:25] Inside Item Writer. Total Size is 2
2020-04-12 19:44:00,673 INFO [main] c.f.b.v.VolunteeWriter [VolunteeWriter.java:28] <=====Data Saved Successfully!=====>
2020-04-12 19:44:00,674 INFO [main] c.f.b.v.VolunteeReader [VolunteeReader.java:97] Step Status::thirdStep , Step Name:: exitCode=COMPLETED;exitDescription= 
2020-04-12 19:44:00,675 INFO [main] o.s.b.c.s.AbstractStep [AbstractStep.java:272] Step: [thirdStep] executed in 35ms
2020-04-12 19:44:00,676 INFO [main] c.f.b.j.JobListner [JobListner.java:23] <====== JOB COMPLETED =======>
2020-04-12 19:44:00,677 INFO [main] o.s.b.c.l.s.SimpleJobLauncher [SimpleJobLauncher.java:149] Job: [FlowJob: [name=fmsDataJob]] completed with the following parameters: [{run.id=1, -spring.output.ansi.enabled=always}] and the following status: [COMPLETED] in 732ms
2020-04-12 19:44:00,681 INFO [SpringContextShutdownHook] o.m.d.connection [SLF4JLogger.java:71] Closed connection [connectionId{localValue:2, serverValue:56}] to localhost:27017 because the pool has been closed.
2020-04-13 12:28:53,021 INFO [main] c.f.b.FmsBatchApplication [StartupInfoLogger.java:55] Starting FmsBatchApplication on DESKTOP-1QKKEMV with PID 11848 (D:\CapstoneWorkSpace\fms-batch\target\classes started by ADMIN in D:\CapstoneWorkSpace\fms-batch)
2020-04-13 12:28:53,043 INFO [main] c.f.b.FmsBatchApplication [SpringApplication.java:651] No active profile set, falling back to default profiles: default
2020-04-13 12:28:53,478 INFO [main] o.s.d.r.c.RepositoryConfigurationDelegate [RepositoryConfigurationDelegate.java:127] Bootstrapping Spring Data MongoDB repositories in DEFAULT mode.
2020-04-13 12:28:53,521 INFO [main] o.s.d.r.c.RepositoryConfigurationDelegate [RepositoryConfigurationDelegate.java:187] Finished Spring Data repository scanning in 40ms. Found 3 MongoDB repository interfaces.
2020-04-13 12:28:53,819 INFO [main] o.m.d.cluster [SLF4JLogger.java:71] Cluster created with settings {hosts=[localhost:27017], mode=SINGLE, requiredClusterType=UNKNOWN, serverSelectionTimeout='30000 ms', maxWaitQueueSize=500}
2020-04-13 12:28:53,855 INFO [cluster-ClusterId{value='5e940dad3732ee4fc7333555', description='null'}-localhost:27017] o.m.d.connection [SLF4JLogger.java:71] Opened connection [connectionId{localValue:1, serverValue:152}] to localhost:27017
2020-04-13 12:28:53,858 INFO [cluster-ClusterId{value='5e940dad3732ee4fc7333555', description='null'}-localhost:27017] o.m.d.cluster [SLF4JLogger.java:71] Monitor thread successfully connected to server with description ServerDescription{address=localhost:27017, type=STANDALONE, state=CONNECTED, ok=true, version=ServerVersion{versionList=[4, 2, 5]}, minWireVersion=0, maxWireVersion=8, maxDocumentSize=16777216, logicalSessionTimeoutMinutes=30, roundTripTimeNanos=2037100}
2020-04-13 12:28:54,158 WARN [main] o.s.d.m.c.m.BasicMongoPersistentProperty [BasicMongoPersistentProperty.java:86] Customizing field name for id property 'com.fms.batch.model.Events.eventId' is not allowed! Custom name ('eventId') will not be considered!
2020-04-13 12:28:54,162 WARN [main] o.s.d.m.c.m.BasicMongoPersistentProperty [BasicMongoPersistentProperty.java:86] Customizing field name for id property 'com.fms.batch.model.pocDetails.pocId' is not allowed! Custom name ('pocId') will not be considered!
2020-04-13 12:28:54,176 WARN [main] o.s.d.m.c.m.BasicMongoPersistentProperty [BasicMongoPersistentProperty.java:86] Customizing field name for id property 'com.fms.batch.model.VolunteerDetails.id' is not allowed! Custom name ('volunteerId') will not be considered!
2020-04-13 12:28:54,234 WARN [main] o.s.d.m.c.m.BasicMongoPersistentProperty [BasicMongoPersistentProperty.java:86] Customizing field name for id property 'com.fms.batch.model.Events.eventId' is not allowed! Custom name ('eventId') will not be considered!
2020-04-13 12:28:54,237 WARN [main] o.s.d.m.c.m.BasicMongoPersistentProperty [BasicMongoPersistentProperty.java:86] Customizing field name for id property 'com.fms.batch.model.pocDetails.pocId' is not allowed! Custom name ('pocId') will not be considered!
2020-04-13 12:28:54,239 WARN [main] o.s.d.m.c.m.BasicMongoPersistentProperty [BasicMongoPersistentProperty.java:86] Customizing field name for id property 'com.fms.batch.model.VolunteerDetails.id' is not allowed! Custom name ('volunteerId') will not be considered!
2020-04-13 12:28:54,298 INFO [main] c.f.b.FmsBatchApplication [StartupInfoLogger.java:61] Started FmsBatchApplication in 1.486 seconds (JVM running for 2.301)
2020-04-13 12:28:54,299 INFO [main] o.s.b.a.b.JobLauncherCommandLineRunner [JobLauncherCommandLineRunner.java:147] Running default command line with: [--spring.output.ansi.enabled=always]
2020-04-13 12:28:54,300 WARN [main] o.s.b.c.c.a.DefaultBatchConfigurer [DefaultBatchConfigurer.java:98] No datasource was provided...using a Map based JobRepository
2020-04-13 12:28:54,300 WARN [main] o.s.b.c.c.a.DefaultBatchConfigurer [DefaultBatchConfigurer.java:101] No transaction manager was provided, using a ResourcelessTransactionManager
2020-04-13 12:28:54,323 INFO [main] o.s.b.c.l.s.SimpleJobLauncher [SimpleJobLauncher.java:209] No TaskExecutor has been set, defaulting to synchronous executor.
2020-04-13 12:28:54,363 INFO [main] o.s.b.c.l.s.SimpleJobLauncher [SimpleJobLauncher.java:145] Job: [FlowJob: [name=fmsDataJob]] launched with the following parameters: [{run.id=1, -spring.output.ansi.enabled=always}]
2020-04-13 12:28:54,417 INFO [main] c.f.b.j.JobListner [JobListner.java:16] <====== JOB STARTED =======>
2020-04-13 12:28:54,426 INFO [main] o.s.b.c.j.SimpleStepHandler [SimpleStepHandler.java:146] Executing step: [firstStep]
2020-04-13 12:28:54,429 WARN [main] c.f.b.e.EventDetailReader [EventDetailReader.java:80] File does not exists at path:: D:\Capstone\Inputs\OutReachEventInfo.xlsx
2020-04-13 12:28:54,439 INFO [main] c.f.b.e.EventDetailReader [EventDetailReader.java:87] Step Status::exitCode=COMPLETED;exitDescription= , Step Name:: firstStep 
2020-04-13 12:28:54,440 INFO [main] o.s.b.c.s.AbstractStep [AbstractStep.java:272] Step: [firstStep] executed in 14ms
2020-04-13 12:28:54,447 INFO [main] o.s.b.c.j.SimpleStepHandler [SimpleStepHandler.java:146] Executing step: [secondStep]
2020-04-13 12:28:55,469 INFO [main] c.f.b.e.EventWriter [EventWriter.java:22] Total records to save 8
2020-04-13 12:28:56,473 INFO [main] o.m.d.connection [SLF4JLogger.java:71] Opened connection [connectionId{localValue:2, serverValue:153}] to localhost:27017
2020-04-13 12:28:56,781 INFO [main] c.f.b.e.EventReader [EventReader.java:74] Step Status::exitCode=COMPLETED;exitDescription= , Step Name:: secondStep 
2020-04-13 12:28:56,781 INFO [main] o.s.b.c.s.AbstractStep [AbstractStep.java:272] Step: [secondStep] executed in 2s334ms
2020-04-13 12:28:56,786 INFO [main] o.s.b.c.j.SimpleStepHandler [SimpleStepHandler.java:146] Executing step: [thirdStep]
2020-04-13 12:28:56,812 INFO [main] c.f.b.v.VolunteeWriter [VolunteeWriter.java:25] Inside Item Writer. Total Size is 2
2020-04-13 12:28:56,849 INFO [main] c.f.b.v.VolunteeWriter [VolunteeWriter.java:28] <=====Data Saved Successfully!=====>
2020-04-13 12:28:56,850 INFO [main] c.f.b.v.VolunteeReader [VolunteeReader.java:97] Step Status::exitCode=COMPLETED;exitDescription= , Step Name:: thirdStep 
2020-04-13 12:28:56,851 INFO [main] o.s.b.c.s.AbstractStep [AbstractStep.java:272] Step: [thirdStep] executed in 65ms
2020-04-13 12:28:56,852 INFO [main] c.f.b.j.JobListner [JobListner.java:23] <====== JOB COMPLETED =======>
2020-04-13 12:28:56,854 INFO [main] o.s.b.c.l.s.SimpleJobLauncher [SimpleJobLauncher.java:149] Job: [FlowJob: [name=fmsDataJob]] completed with the following parameters: [{run.id=1, -spring.output.ansi.enabled=always}] and the following status: [COMPLETED] in 2s438ms
2020-04-13 12:28:56,859 INFO [SpringContextShutdownHook] o.m.d.connection [SLF4JLogger.java:71] Closed connection [connectionId{localValue:2, serverValue:153}] to localhost:27017 because the pool has been closed.
2020-04-13 12:29:46,936 INFO [main] c.f.b.FmsBatchApplication [StartupInfoLogger.java:55] Starting FmsBatchApplication on DESKTOP-1QKKEMV with PID 2288 (D:\CapstoneWorkSpace\fms-batch\target\classes started by ADMIN in D:\CapstoneWorkSpace\fms-batch)
2020-04-13 12:29:46,939 INFO [main] c.f.b.FmsBatchApplication [SpringApplication.java:651] No active profile set, falling back to default profiles: default
2020-04-13 12:29:47,224 INFO [main] o.s.d.r.c.RepositoryConfigurationDelegate [RepositoryConfigurationDelegate.java:127] Bootstrapping Spring Data MongoDB repositories in DEFAULT mode.
2020-04-13 12:29:47,266 INFO [main] o.s.d.r.c.RepositoryConfigurationDelegate [RepositoryConfigurationDelegate.java:187] Finished Spring Data repository scanning in 39ms. Found 3 MongoDB repository interfaces.
2020-04-13 12:29:47,512 INFO [main] o.m.d.cluster [SLF4JLogger.java:71] Cluster created with settings {hosts=[localhost:27017], mode=SINGLE, requiredClusterType=UNKNOWN, serverSelectionTimeout='30000 ms', maxWaitQueueSize=500}
2020-04-13 12:29:47,548 INFO [cluster-ClusterId{value='5e940de3009930295e06d537', description='null'}-localhost:27017] o.m.d.connection [SLF4JLogger.java:71] Opened connection [connectionId{localValue:1, serverValue:156}] to localhost:27017
2020-04-13 12:29:47,551 INFO [cluster-ClusterId{value='5e940de3009930295e06d537', description='null'}-localhost:27017] o.m.d.cluster [SLF4JLogger.java:71] Monitor thread successfully connected to server with description ServerDescription{address=localhost:27017, type=STANDALONE, state=CONNECTED, ok=true, version=ServerVersion{versionList=[4, 2, 5]}, minWireVersion=0, maxWireVersion=8, maxDocumentSize=16777216, logicalSessionTimeoutMinutes=30, roundTripTimeNanos=2096400}
2020-04-13 12:29:47,782 WARN [main] o.s.d.m.c.m.BasicMongoPersistentProperty [BasicMongoPersistentProperty.java:86] Customizing field name for id property 'com.fms.batch.model.Events.eventId' is not allowed! Custom name ('eventId') will not be considered!
2020-04-13 12:29:47,787 WARN [main] o.s.d.m.c.m.BasicMongoPersistentProperty [BasicMongoPersistentProperty.java:86] Customizing field name for id property 'com.fms.batch.model.pocDetails.pocId' is not allowed! Custom name ('pocId') will not be considered!
2020-04-13 12:29:47,798 WARN [main] o.s.d.m.c.m.BasicMongoPersistentProperty [BasicMongoPersistentProperty.java:86] Customizing field name for id property 'com.fms.batch.model.VolunteerDetails.id' is not allowed! Custom name ('volunteerId') will not be considered!
2020-04-13 12:29:47,852 WARN [main] o.s.d.m.c.m.BasicMongoPersistentProperty [BasicMongoPersistentProperty.java:86] Customizing field name for id property 'com.fms.batch.model.pocDetails.pocId' is not allowed! Custom name ('pocId') will not be considered!
2020-04-13 12:29:47,856 WARN [main] o.s.d.m.c.m.BasicMongoPersistentProperty [BasicMongoPersistentProperty.java:86] Customizing field name for id property 'com.fms.batch.model.Events.eventId' is not allowed! Custom name ('eventId') will not be considered!
2020-04-13 12:29:47,858 WARN [main] o.s.d.m.c.m.BasicMongoPersistentProperty [BasicMongoPersistentProperty.java:86] Customizing field name for id property 'com.fms.batch.model.VolunteerDetails.id' is not allowed! Custom name ('volunteerId') will not be considered!
2020-04-13 12:29:47,913 INFO [main] c.f.b.FmsBatchApplication [StartupInfoLogger.java:61] Started FmsBatchApplication in 1.181 seconds (JVM running for 1.799)
2020-04-13 12:29:47,914 INFO [main] o.s.b.a.b.JobLauncherCommandLineRunner [JobLauncherCommandLineRunner.java:147] Running default command line with: [--spring.output.ansi.enabled=always]
2020-04-13 12:29:47,915 WARN [main] o.s.b.c.c.a.DefaultBatchConfigurer [DefaultBatchConfigurer.java:98] No datasource was provided...using a Map based JobRepository
2020-04-13 12:29:47,915 WARN [main] o.s.b.c.c.a.DefaultBatchConfigurer [DefaultBatchConfigurer.java:101] No transaction manager was provided, using a ResourcelessTransactionManager
2020-04-13 12:29:47,924 INFO [main] o.s.b.c.l.s.SimpleJobLauncher [SimpleJobLauncher.java:209] No TaskExecutor has been set, defaulting to synchronous executor.
2020-04-13 12:29:47,947 INFO [main] o.s.b.c.l.s.SimpleJobLauncher [SimpleJobLauncher.java:145] Job: [FlowJob: [name=fmsDataJob]] launched with the following parameters: [{run.id=1, -spring.output.ansi.enabled=always}]
2020-04-13 12:29:47,968 INFO [main] c.f.b.j.JobListner [JobListner.java:16] <====== JOB STARTED =======>
2020-04-13 12:29:47,977 INFO [main] o.s.b.c.j.SimpleStepHandler [SimpleStepHandler.java:146] Executing step: [firstStep]
2020-04-13 12:29:47,980 WARN [main] c.f.b.e.EventDetailReader [EventDetailReader.java:80] File does not exists at path:: D:\Capstone\Inputs\OutReachEventInfo.xlsx
2020-04-13 12:29:47,989 INFO [main] c.f.b.e.EventDetailWriter [EventDetailWriter.java:33] Inside Item Writer. Total Size is 20
2020-04-13 12:29:48,307 INFO [main] o.m.d.connection [SLF4JLogger.java:71] Opened connection [connectionId{localValue:2, serverValue:157}] to localhost:27017
2020-04-13 12:29:48,321 INFO [main] c.f.b.e.EventDetailWriter [EventDetailWriter.java:36] <=====Data Saved Successfully!=====>
2020-04-13 12:30:40,804 INFO [main] c.f.b.FmsBatchApplication [StartupInfoLogger.java:55] Starting FmsBatchApplication on DESKTOP-1QKKEMV with PID 9832 (D:\CapstoneWorkSpace\fms-batch\target\classes started by ADMIN in D:\CapstoneWorkSpace\fms-batch)
2020-04-13 12:30:40,807 INFO [main] c.f.b.FmsBatchApplication [SpringApplication.java:651] No active profile set, falling back to default profiles: default
2020-04-13 12:30:41,105 INFO [main] o.s.d.r.c.RepositoryConfigurationDelegate [RepositoryConfigurationDelegate.java:127] Bootstrapping Spring Data MongoDB repositories in DEFAULT mode.
2020-04-13 12:30:41,150 INFO [main] o.s.d.r.c.RepositoryConfigurationDelegate [RepositoryConfigurationDelegate.java:187] Finished Spring Data repository scanning in 42ms. Found 3 MongoDB repository interfaces.
2020-04-13 12:30:41,395 INFO [main] o.m.d.cluster [SLF4JLogger.java:71] Cluster created with settings {hosts=[localhost:27017], mode=SINGLE, requiredClusterType=UNKNOWN, serverSelectionTimeout='30000 ms', maxWaitQueueSize=500}
2020-04-13 12:30:41,433 INFO [cluster-ClusterId{value='5e940e19d45b53626e45d2ab', description='null'}-localhost:27017] o.m.d.connection [SLF4JLogger.java:71] Opened connection [connectionId{localValue:1, serverValue:160}] to localhost:27017
2020-04-13 12:30:41,437 INFO [cluster-ClusterId{value='5e940e19d45b53626e45d2ab', description='null'}-localhost:27017] o.m.d.cluster [SLF4JLogger.java:71] Monitor thread successfully connected to server with description ServerDescription{address=localhost:27017, type=STANDALONE, state=CONNECTED, ok=true, version=ServerVersion{versionList=[4, 2, 5]}, minWireVersion=0, maxWireVersion=8, maxDocumentSize=16777216, logicalSessionTimeoutMinutes=30, roundTripTimeNanos=2472700}
2020-04-13 12:30:41,671 WARN [main] o.s.d.m.c.m.BasicMongoPersistentProperty [BasicMongoPersistentProperty.java:86] Customizing field name for id property 'com.fms.batch.model.Events.eventId' is not allowed! Custom name ('eventId') will not be considered!
2020-04-13 12:30:41,675 WARN [main] o.s.d.m.c.m.BasicMongoPersistentProperty [BasicMongoPersistentProperty.java:86] Customizing field name for id property 'com.fms.batch.model.pocDetails.pocId' is not allowed! Custom name ('pocId') will not be considered!
2020-04-13 12:30:41,688 WARN [main] o.s.d.m.c.m.BasicMongoPersistentProperty [BasicMongoPersistentProperty.java:86] Customizing field name for id property 'com.fms.batch.model.VolunteerDetails.id' is not allowed! Custom name ('volunteerId') will not be considered!
2020-04-13 12:30:41,741 WARN [main] o.s.d.m.c.m.BasicMongoPersistentProperty [BasicMongoPersistentProperty.java:86] Customizing field name for id property 'com.fms.batch.model.pocDetails.pocId' is not allowed! Custom name ('pocId') will not be considered!
2020-04-13 12:30:41,743 WARN [main] o.s.d.m.c.m.BasicMongoPersistentProperty [BasicMongoPersistentProperty.java:86] Customizing field name for id property 'com.fms.batch.model.Events.eventId' is not allowed! Custom name ('eventId') will not be considered!
2020-04-13 12:30:41,746 WARN [main] o.s.d.m.c.m.BasicMongoPersistentProperty [BasicMongoPersistentProperty.java:86] Customizing field name for id property 'com.fms.batch.model.VolunteerDetails.id' is not allowed! Custom name ('volunteerId') will not be considered!
2020-04-13 12:30:41,804 INFO [main] c.f.b.FmsBatchApplication [StartupInfoLogger.java:61] Started FmsBatchApplication in 1.208 seconds (JVM running for 1.824)
2020-04-13 12:30:41,805 INFO [main] o.s.b.a.b.JobLauncherCommandLineRunner [JobLauncherCommandLineRunner.java:147] Running default command line with: [--spring.output.ansi.enabled=always]
2020-04-13 12:30:41,807 WARN [main] o.s.b.c.c.a.DefaultBatchConfigurer [DefaultBatchConfigurer.java:98] No datasource was provided...using a Map based JobRepository
2020-04-13 12:30:41,807 WARN [main] o.s.b.c.c.a.DefaultBatchConfigurer [DefaultBatchConfigurer.java:101] No transaction manager was provided, using a ResourcelessTransactionManager
2020-04-13 12:30:41,822 INFO [main] o.s.b.c.l.s.SimpleJobLauncher [SimpleJobLauncher.java:209] No TaskExecutor has been set, defaulting to synchronous executor.
2020-04-13 12:30:41,855 INFO [main] o.s.b.c.l.s.SimpleJobLauncher [SimpleJobLauncher.java:145] Job: [FlowJob: [name=fmsDataJob]] launched with the following parameters: [{run.id=1, -spring.output.ansi.enabled=always}]
2020-04-13 12:30:41,878 INFO [main] c.f.b.j.JobListner [JobListner.java:16] <====== JOB STARTED =======>
2020-04-13 12:30:41,886 INFO [main] o.s.b.c.j.SimpleStepHandler [SimpleStepHandler.java:146] Executing step: [firstStep]
2020-04-13 12:30:41,889 WARN [main] c.f.b.e.EventDetailReader [EventDetailReader.java:80] File does not exists at path:: D:\Capstone\Inputs\OutReachEventInfo.xlsx
2020-04-13 12:30:41,897 INFO [main] c.f.b.e.EventDetailWriter [EventDetailWriter.java:33] Inside Item Writer. Total Size is 20
2020-04-13 12:30:42,280 INFO [main] o.m.d.connection [SLF4JLogger.java:71] Opened connection [connectionId{localValue:2, serverValue:161}] to localhost:27017
2020-04-13 12:30:42,293 INFO [main] c.f.b.e.EventDetailWriter [EventDetailWriter.java:36] <=====Data Saved Successfully!=====>
